12-07 22:23:31 model_name: vgg19_trans
12-07 22:23:31 data_dir: cell_Train_Val_Test_v2_4
12-07 22:23:31 save_dir: model_v2_4
12-07 22:23:31 save_all: False
12-07 22:23:31 lr: 4.9999999999999996e-06
12-07 22:23:31 weight_decay: 1e-05
12-07 22:23:31 resume: 
12-07 22:23:31 max_model_num: 1
12-07 22:23:31 max_epoch: 200
12-07 22:23:31 val_epoch: 5
12-07 22:23:31 val_start: 10
12-07 22:23:31 batch_size: 4
12-07 22:23:31 device: 0
12-07 22:23:31 num_workers: 4
12-07 22:23:31 is_gray: False
12-07 22:23:31 crop_size: 512
12-07 22:23:31 downsample_ratio: 16
12-07 22:23:31 use_background: True
12-07 22:23:31 sigma: 8.0
12-07 22:23:31 background_ratio: 0.15
12-07 22:23:32 using 1 gpus
12-07 22:23:33 -----Epoch 0/199-----
12-07 22:24:19 Epoch 0 Train, Loss: 70.12

12-07 22:24:19 -----Epoch 1/199-----
12-07 22:24:58 Epoch 1 Train, Loss: 41.33

12-07 22:24:59 -----Epoch 2/199-----
12-07 22:25:38 Epoch 2 Train, Loss: 34.37

12-07 22:25:38 -----Epoch 3/199-----
12-07 22:26:17 Epoch 3 Train, Loss: 30.54

12-07 22:26:18 -----Epoch 4/199-----
12-07 22:26:57 Epoch 4 Train, Loss: 28.40

12-07 22:26:58 -----Epoch 5/199-----
12-07 22:27:36 Epoch 5 Train, Loss: 26.29

12-07 22:27:37 -----Epoch 6/199-----
12-07 22:28:16 Epoch 6 Train, Loss: 25.55

12-07 22:28:17 -----Epoch 7/199-----
12-07 22:28:56 Epoch 7 Train, Loss: 25.43

12-07 22:28:57 -----Epoch 8/199-----
12-07 22:29:35 Epoch 8 Train, Loss: 23.91

12-07 22:29:36 -----Epoch 9/199-----
12-07 22:30:14 Epoch 9 Train, Loss: 23.56

12-07 22:30:22 Epoch 9 Val, MSE: 63.64 MAE: 42.83, ACP: 0.14, Cost 7.3 sec
12-07 22:30:22 best mse inf mae inf, acp inf
12-07 22:30:22 save best mse 63.64 mae 42.83 acp 0.14, model epoch 9
12-07 22:30:22 -----Epoch 10/199-----
12-07 22:31:01 Epoch 10 Train, Loss: 23.10

12-07 22:31:02 -----Epoch 11/199-----
12-07 22:31:41 Epoch 11 Train, Loss: 22.81

12-07 22:31:41 -----Epoch 12/199-----
12-07 22:32:20 Epoch 12 Train, Loss: 22.39

12-07 22:32:21 -----Epoch 13/199-----
12-07 22:33:00 Epoch 13 Train, Loss: 22.10

12-07 22:33:01 -----Epoch 14/199-----
12-07 22:33:40 Epoch 14 Train, Loss: 21.90

12-07 22:33:45 Epoch 14 Val, MSE: 25.93 MAE: 15.61, ACP: 0.52, Cost 5.1 sec
12-07 22:33:45 best mse 63.64 mae 42.83, acp 0.14
12-07 22:33:45 save best mse 25.93 mae 15.61 acp 0.52, model epoch 14
12-07 22:33:46 -----Epoch 15/199-----
12-07 22:34:25 Epoch 15 Train, Loss: 21.41

12-07 22:34:25 -----Epoch 16/199-----
12-07 22:35:04 Epoch 16 Train, Loss: 21.37

12-07 22:35:05 -----Epoch 17/199-----
12-07 22:35:44 Epoch 17 Train, Loss: 20.68

12-07 22:35:44 -----Epoch 18/199-----
12-07 22:36:23 Epoch 18 Train, Loss: 20.57

12-07 22:36:24 -----Epoch 19/199-----
12-07 22:37:03 Epoch 19 Train, Loss: 21.36

12-07 22:37:09 Epoch 19 Val, MSE: 23.23 MAE: 15.53, ACP: 0.42, Cost 5.0 sec
12-07 22:37:09 best mse 25.93 mae 15.61, acp 0.52
12-07 22:37:09 save best mse 23.23 mae 15.53 acp 0.42, model epoch 19
12-07 22:37:09 -----Epoch 20/199-----
12-07 22:37:48 Epoch 20 Train, Loss: 21.04

12-07 22:37:48 -----Epoch 21/199-----
12-07 22:38:27 Epoch 21 Train, Loss: 19.78

12-07 22:38:28 -----Epoch 22/199-----
12-07 22:39:07 Epoch 22 Train, Loss: 20.07

12-07 22:39:08 -----Epoch 23/199-----
12-07 22:39:46 Epoch 23 Train, Loss: 19.98

12-07 22:39:47 -----Epoch 24/199-----
12-07 22:40:26 Epoch 24 Train, Loss: 19.70

12-07 22:40:32 Epoch 24 Val, MSE: 29.18 MAE: 17.16, ACP: 0.42, Cost 5.0 sec
12-07 22:40:32 best mse 23.23 mae 15.53, acp 0.42
12-07 22:40:32 -----Epoch 25/199-----
12-07 22:41:11 Epoch 25 Train, Loss: 19.19

12-07 22:41:11 -----Epoch 26/199-----
12-07 22:41:50 Epoch 26 Train, Loss: 19.26

12-07 22:41:51 -----Epoch 27/199-----
12-07 22:42:29 Epoch 27 Train, Loss: 19.50

12-07 22:42:30 -----Epoch 28/199-----
12-07 22:43:09 Epoch 28 Train, Loss: 19.28

12-07 22:43:10 -----Epoch 29/199-----
12-07 22:43:49 Epoch 29 Train, Loss: 18.85

12-07 22:43:54 Epoch 29 Val, MSE: 22.91 MAE: 16.77, ACP: 0.28, Cost 5.1 sec
12-07 22:43:54 best mse 23.23 mae 15.53, acp 0.42
12-07 22:43:54 -----Epoch 30/199-----
12-07 22:44:33 Epoch 30 Train, Loss: 18.53

12-07 22:44:34 -----Epoch 31/199-----
12-07 22:45:12 Epoch 31 Train, Loss: 19.15

12-07 22:45:13 -----Epoch 32/199-----
12-07 22:45:52 Epoch 32 Train, Loss: 18.27

12-07 22:45:53 -----Epoch 33/199-----
12-07 22:46:31 Epoch 33 Train, Loss: 18.56

12-07 22:46:32 -----Epoch 34/199-----
12-07 22:47:11 Epoch 34 Train, Loss: 17.92

12-07 22:47:17 Epoch 34 Val, MSE: 27.50 MAE: 16.08, ACP: 0.48, Cost 5.1 sec
12-07 22:47:17 best mse 23.23 mae 15.53, acp 0.42
12-07 22:47:17 -----Epoch 35/199-----
12-07 22:47:55 Epoch 35 Train, Loss: 18.62

12-07 22:47:56 -----Epoch 36/199-----
12-07 22:48:35 Epoch 36 Train, Loss: 18.31

12-07 22:48:35 -----Epoch 37/199-----
12-07 22:49:14 Epoch 37 Train, Loss: 18.33

12-07 22:49:15 -----Epoch 38/199-----
12-07 22:49:54 Epoch 38 Train, Loss: 17.58

12-07 22:49:54 -----Epoch 39/199-----
12-07 22:50:33 Epoch 39 Train, Loss: 18.08

12-07 22:50:39 Epoch 39 Val, MSE: 20.49 MAE: 12.84, ACP: 0.52, Cost 5.1 sec
12-07 22:50:39 best mse 23.23 mae 15.53, acp 0.42
12-07 22:50:39 save best mse 20.49 mae 12.84 acp 0.52, model epoch 39
12-07 22:50:39 -----Epoch 40/199-----
12-07 22:51:18 Epoch 40 Train, Loss: 17.58

12-07 22:51:19 -----Epoch 41/199-----
12-07 22:51:57 Epoch 41 Train, Loss: 17.77

12-07 22:51:58 -----Epoch 42/199-----
12-07 22:52:37 Epoch 42 Train, Loss: 17.72

12-07 22:52:37 -----Epoch 43/199-----
12-07 22:53:16 Epoch 43 Train, Loss: 18.46

12-07 22:53:17 -----Epoch 44/199-----
12-07 22:53:55 Epoch 44 Train, Loss: 17.46

12-07 22:54:01 Epoch 44 Val, MSE: 20.79 MAE: 13.15, ACP: 0.50, Cost 4.9 sec
12-07 22:54:01 best mse 20.49 mae 12.84, acp 0.52
12-07 22:54:01 -----Epoch 45/199-----
12-07 22:54:40 Epoch 45 Train, Loss: 17.38

12-07 22:54:40 -----Epoch 46/199-----
12-07 22:55:19 Epoch 46 Train, Loss: 17.53

12-07 22:55:20 -----Epoch 47/199-----
12-07 22:55:59 Epoch 47 Train, Loss: 17.22

12-07 22:55:59 -----Epoch 48/199-----
12-07 22:56:38 Epoch 48 Train, Loss: 17.72

12-07 22:56:39 -----Epoch 49/199-----
12-07 22:57:18 Epoch 49 Train, Loss: 16.95

12-07 22:57:24 Epoch 49 Val, MSE: 30.40 MAE: 21.70, ACP: 0.24, Cost 5.0 sec
12-07 22:57:24 best mse 20.49 mae 12.84, acp 0.52
12-07 22:57:24 -----Epoch 50/199-----
12-07 22:58:03 Epoch 50 Train, Loss: 17.10

12-07 22:58:04 -----Epoch 51/199-----
12-07 22:58:43 Epoch 51 Train, Loss: 16.98

12-07 22:58:43 -----Epoch 52/199-----
12-07 22:59:22 Epoch 52 Train, Loss: 16.55

12-07 22:59:23 -----Epoch 53/199-----
12-07 23:00:02 Epoch 53 Train, Loss: 16.69

12-07 23:00:03 -----Epoch 54/199-----
12-07 23:00:42 Epoch 54 Train, Loss: 16.29

12-07 23:00:48 Epoch 54 Val, MSE: 27.06 MAE: 18.06, ACP: 0.32, Cost 5.1 sec
12-07 23:00:48 best mse 20.49 mae 12.84, acp 0.52
12-07 23:00:48 -----Epoch 55/199-----
12-07 23:01:27 Epoch 55 Train, Loss: 16.62

12-07 23:01:28 -----Epoch 56/199-----
12-07 23:02:07 Epoch 56 Train, Loss: 16.33

12-07 23:02:08 -----Epoch 57/199-----
12-07 23:02:47 Epoch 57 Train, Loss: 16.86

12-07 23:02:48 -----Epoch 58/199-----
12-07 23:03:27 Epoch 58 Train, Loss: 18.24

12-07 23:03:27 -----Epoch 59/199-----
12-07 23:04:07 Epoch 59 Train, Loss: 16.93

12-07 23:04:12 Epoch 59 Val, MSE: 18.00 MAE: 11.47, ACP: 0.52, Cost 5.1 sec
12-07 23:04:12 best mse 20.49 mae 12.84, acp 0.52
12-07 23:04:12 save best mse 18.00 mae 11.47 acp 0.52, model epoch 59
12-07 23:04:13 -----Epoch 60/199-----
12-07 23:04:52 Epoch 60 Train, Loss: 15.98

12-07 23:04:52 -----Epoch 61/199-----
12-07 23:05:31 Epoch 61 Train, Loss: 16.57

12-07 23:05:32 -----Epoch 62/199-----
12-07 23:06:11 Epoch 62 Train, Loss: 15.95

12-07 23:06:12 -----Epoch 63/199-----
12-07 23:06:51 Epoch 63 Train, Loss: 16.17

12-07 23:06:51 -----Epoch 64/199-----
12-07 23:07:30 Epoch 64 Train, Loss: 16.38

12-07 23:07:36 Epoch 64 Val, MSE: 21.43 MAE: 12.63, ACP: 0.58, Cost 5.1 sec
12-07 23:07:36 best mse 18.00 mae 11.47, acp 0.52
12-07 23:07:36 -----Epoch 65/199-----
12-07 23:08:15 Epoch 65 Train, Loss: 16.03

12-07 23:08:16 -----Epoch 66/199-----
12-07 23:08:55 Epoch 66 Train, Loss: 16.70

12-07 23:08:56 -----Epoch 67/199-----
12-07 23:09:34 Epoch 67 Train, Loss: 15.82

12-07 23:09:35 -----Epoch 68/199-----
12-07 23:10:14 Epoch 68 Train, Loss: 15.74

12-07 23:10:15 -----Epoch 69/199-----
12-07 23:10:54 Epoch 69 Train, Loss: 16.54

12-07 23:11:00 Epoch 69 Val, MSE: 23.27 MAE: 16.68, ACP: 0.26, Cost 5.1 sec
12-07 23:11:00 best mse 18.00 mae 11.47, acp 0.52
12-07 23:11:00 -----Epoch 70/199-----
12-07 23:11:39 Epoch 70 Train, Loss: 15.93

12-07 23:11:39 -----Epoch 71/199-----
12-07 23:12:18 Epoch 71 Train, Loss: 15.89

12-07 23:12:19 -----Epoch 72/199-----
12-07 23:12:58 Epoch 72 Train, Loss: 16.44

12-07 23:12:59 -----Epoch 73/199-----
12-07 23:13:37 Epoch 73 Train, Loss: 15.87

12-07 23:13:38 -----Epoch 74/199-----
12-07 23:14:17 Epoch 74 Train, Loss: 15.86

12-07 23:14:23 Epoch 74 Val, MSE: 28.98 MAE: 17.99, ACP: 0.44, Cost 5.0 sec
12-07 23:14:23 best mse 18.00 mae 11.47, acp 0.52
12-07 23:14:23 -----Epoch 75/199-----
12-07 23:15:02 Epoch 75 Train, Loss: 16.01

12-07 23:15:03 -----Epoch 76/199-----
12-07 23:15:42 Epoch 76 Train, Loss: 15.83

12-07 23:15:42 -----Epoch 77/199-----
12-07 23:16:21 Epoch 77 Train, Loss: 15.81

12-07 23:16:22 -----Epoch 78/199-----
12-07 23:17:01 Epoch 78 Train, Loss: 16.14

12-07 23:17:02 -----Epoch 79/199-----
12-07 23:17:41 Epoch 79 Train, Loss: 15.50

12-07 23:17:47 Epoch 79 Val, MSE: 19.22 MAE: 13.15, ACP: 0.52, Cost 5.1 sec
12-07 23:17:47 best mse 18.00 mae 11.47, acp 0.52
12-07 23:17:47 -----Epoch 80/199-----
12-07 23:18:26 Epoch 80 Train, Loss: 15.75

12-07 23:18:26 -----Epoch 81/199-----
12-07 23:19:05 Epoch 81 Train, Loss: 15.35

12-07 23:19:06 -----Epoch 82/199-----
12-07 23:19:45 Epoch 82 Train, Loss: 15.53

12-07 23:19:45 -----Epoch 83/199-----
12-07 23:20:24 Epoch 83 Train, Loss: 14.89

12-07 23:20:25 -----Epoch 84/199-----
12-07 23:21:04 Epoch 84 Train, Loss: 15.33

12-07 23:21:10 Epoch 84 Val, MSE: 26.50 MAE: 18.02, ACP: 0.30, Cost 5.1 sec
12-07 23:21:10 best mse 18.00 mae 11.47, acp 0.52
12-07 23:21:10 -----Epoch 85/199-----
12-07 23:21:49 Epoch 85 Train, Loss: 15.09

12-07 23:21:50 -----Epoch 86/199-----
12-07 23:22:28 Epoch 86 Train, Loss: 15.13

12-07 23:22:29 -----Epoch 87/199-----
12-07 23:23:08 Epoch 87 Train, Loss: 14.75

12-07 23:23:09 -----Epoch 88/199-----
12-07 23:23:48 Epoch 88 Train, Loss: 15.31

12-07 23:23:48 -----Epoch 89/199-----
12-07 23:24:27 Epoch 89 Train, Loss: 15.26

12-07 23:24:33 Epoch 89 Val, MSE: 16.93 MAE: 10.89, ACP: 0.54, Cost 5.1 sec
12-07 23:24:33 best mse 18.00 mae 11.47, acp 0.52
12-07 23:24:33 save best mse 16.93 mae 10.89 acp 0.54, model epoch 89
12-07 23:24:34 -----Epoch 90/199-----
12-07 23:25:12 Epoch 90 Train, Loss: 15.07

12-07 23:25:13 -----Epoch 91/199-----
12-07 23:25:52 Epoch 91 Train, Loss: 14.64

12-07 23:25:53 -----Epoch 92/199-----
12-07 23:26:32 Epoch 92 Train, Loss: 14.62

12-07 23:26:32 -----Epoch 93/199-----
12-07 23:27:11 Epoch 93 Train, Loss: 15.17

12-07 23:27:12 -----Epoch 94/199-----
12-07 23:27:51 Epoch 94 Train, Loss: 15.02

12-07 23:27:57 Epoch 94 Val, MSE: 27.96 MAE: 19.58, ACP: 0.30, Cost 5.1 sec
12-07 23:27:57 best mse 16.93 mae 10.89, acp 0.54
12-07 23:27:57 -----Epoch 95/199-----
12-07 23:28:36 Epoch 95 Train, Loss: 14.58

12-07 23:28:37 -----Epoch 96/199-----
12-07 23:29:15 Epoch 96 Train, Loss: 14.75

12-07 23:29:16 -----Epoch 97/199-----
12-07 23:29:55 Epoch 97 Train, Loss: 14.64

12-07 23:29:56 -----Epoch 98/199-----
12-07 23:30:35 Epoch 98 Train, Loss: 14.84

12-07 23:30:35 -----Epoch 99/199-----
12-07 23:31:14 Epoch 99 Train, Loss: 14.07

12-07 23:31:20 Epoch 99 Val, MSE: 30.04 MAE: 19.84, ACP: 0.32, Cost 5.2 sec
12-07 23:31:20 best mse 16.93 mae 10.89, acp 0.54
12-07 23:31:20 -----Epoch 100/199-----
12-07 23:31:59 Epoch 100 Train, Loss: 14.85

12-07 23:32:00 -----Epoch 101/199-----
12-07 23:32:39 Epoch 101 Train, Loss: 15.30

12-07 23:32:39 -----Epoch 102/199-----
12-07 23:33:18 Epoch 102 Train, Loss: 14.93

12-07 23:33:19 -----Epoch 103/199-----
12-07 23:33:58 Epoch 103 Train, Loss: 14.66

12-07 23:33:59 -----Epoch 104/199-----
12-07 23:34:38 Epoch 104 Train, Loss: 14.85

12-07 23:34:44 Epoch 104 Val, MSE: 26.57 MAE: 20.54, ACP: 0.30, Cost 5.1 sec
12-07 23:34:44 best mse 16.93 mae 10.89, acp 0.54
12-07 23:34:44 -----Epoch 105/199-----
12-07 23:35:23 Epoch 105 Train, Loss: 14.51

12-07 23:35:23 -----Epoch 106/199-----
12-07 23:36:02 Epoch 106 Train, Loss: 14.48

12-07 23:36:03 -----Epoch 107/199-----
12-07 23:36:42 Epoch 107 Train, Loss: 14.38

12-07 23:36:42 -----Epoch 108/199-----
12-07 23:37:21 Epoch 108 Train, Loss: 14.11

12-07 23:37:22 -----Epoch 109/199-----
12-07 23:38:01 Epoch 109 Train, Loss: 14.28

12-07 23:38:07 Epoch 109 Val, MSE: 26.26 MAE: 17.94, ACP: 0.42, Cost 5.1 sec
12-07 23:38:07 best mse 16.93 mae 10.89, acp 0.54
12-07 23:38:07 -----Epoch 110/199-----
12-07 23:38:46 Epoch 110 Train, Loss: 14.13

12-07 23:38:47 -----Epoch 111/199-----
12-07 23:39:25 Epoch 111 Train, Loss: 14.65

12-07 23:39:26 -----Epoch 112/199-----
12-07 23:40:05 Epoch 112 Train, Loss: 14.04

12-07 23:40:06 -----Epoch 113/199-----
12-07 23:40:45 Epoch 113 Train, Loss: 14.42

12-07 23:40:45 -----Epoch 114/199-----
12-07 23:41:24 Epoch 114 Train, Loss: 14.36

12-07 23:41:30 Epoch 114 Val, MSE: 29.51 MAE: 19.30, ACP: 0.30, Cost 5.1 sec
12-07 23:41:30 best mse 16.93 mae 10.89, acp 0.54
12-07 23:41:30 -----Epoch 115/199-----
12-07 23:42:09 Epoch 115 Train, Loss: 13.96

12-07 23:42:10 -----Epoch 116/199-----
12-07 23:42:49 Epoch 116 Train, Loss: 13.76

12-07 23:42:49 -----Epoch 117/199-----
12-07 23:43:28 Epoch 117 Train, Loss: 13.51

12-07 23:43:29 -----Epoch 118/199-----
12-07 23:44:08 Epoch 118 Train, Loss: 13.85

12-07 23:44:09 -----Epoch 119/199-----
12-07 23:44:48 Epoch 119 Train, Loss: 13.72

12-07 23:44:54 Epoch 119 Val, MSE: 13.39 MAE: 9.19, ACP: 0.62, Cost 5.0 sec
12-07 23:44:54 best mse 16.93 mae 10.89, acp 0.54
12-07 23:44:54 save best mse 13.39 mae 9.19 acp 0.62, model epoch 119
12-07 23:44:54 -----Epoch 120/199-----
12-07 23:45:33 Epoch 120 Train, Loss: 13.54

12-07 23:45:33 -----Epoch 121/199-----
12-07 23:46:12 Epoch 121 Train, Loss: 13.37

12-07 23:46:13 -----Epoch 122/199-----
12-07 23:46:52 Epoch 122 Train, Loss: 13.62

12-07 23:46:53 -----Epoch 123/199-----
12-07 23:47:32 Epoch 123 Train, Loss: 13.48

12-07 23:47:32 -----Epoch 124/199-----
12-07 23:48:11 Epoch 124 Train, Loss: 13.47

12-07 23:48:17 Epoch 124 Val, MSE: 17.10 MAE: 10.74, ACP: 0.56, Cost 5.0 sec
12-07 23:48:17 best mse 13.39 mae 9.19, acp 0.62
12-07 23:48:17 -----Epoch 125/199-----
12-07 23:48:56 Epoch 125 Train, Loss: 13.59

12-07 23:48:57 -----Epoch 126/199-----
12-07 23:49:36 Epoch 126 Train, Loss: 13.91

12-07 23:49:36 -----Epoch 127/199-----
12-07 23:50:15 Epoch 127 Train, Loss: 13.26

12-07 23:50:16 -----Epoch 128/199-----
12-07 23:50:55 Epoch 128 Train, Loss: 13.64

12-07 23:50:56 -----Epoch 129/199-----
12-07 23:51:35 Epoch 129 Train, Loss: 13.61

12-07 23:51:41 Epoch 129 Val, MSE: 48.05 MAE: 37.21, ACP: 0.00, Cost 5.1 sec
12-07 23:51:41 best mse 13.39 mae 9.19, acp 0.62
12-07 23:51:41 -----Epoch 130/199-----
12-07 23:52:19 Epoch 130 Train, Loss: 13.86

12-07 23:52:20 -----Epoch 131/199-----
12-07 23:52:59 Epoch 131 Train, Loss: 13.46

12-07 23:53:00 -----Epoch 132/199-----
12-07 23:53:39 Epoch 132 Train, Loss: 13.14

12-07 23:53:39 -----Epoch 133/199-----
12-07 23:54:18 Epoch 133 Train, Loss: 13.63

12-07 23:54:19 -----Epoch 134/199-----
12-07 23:54:58 Epoch 134 Train, Loss: 13.72

12-07 23:55:04 Epoch 134 Val, MSE: 20.68 MAE: 14.10, ACP: 0.50, Cost 5.0 sec
12-07 23:55:04 best mse 13.39 mae 9.19, acp 0.62
12-07 23:55:04 -----Epoch 135/199-----
12-07 23:55:43 Epoch 135 Train, Loss: 13.46

12-07 23:55:43 -----Epoch 136/199-----
12-07 23:56:22 Epoch 136 Train, Loss: 13.28

12-07 23:56:23 -----Epoch 137/199-----
12-07 23:57:02 Epoch 137 Train, Loss: 13.60

12-07 23:57:03 -----Epoch 138/199-----
12-07 23:57:41 Epoch 138 Train, Loss: 13.19

12-07 23:57:42 -----Epoch 139/199-----
12-07 23:58:21 Epoch 139 Train, Loss: 13.51

12-07 23:58:27 Epoch 139 Val, MSE: 16.96 MAE: 11.62, ACP: 0.52, Cost 5.0 sec
12-07 23:58:27 best mse 13.39 mae 9.19, acp 0.62
12-07 23:58:27 -----Epoch 140/199-----
12-07 23:59:06 Epoch 140 Train, Loss: 13.26

12-07 23:59:07 -----Epoch 141/199-----
12-07 23:59:46 Epoch 141 Train, Loss: 14.03

12-07 23:59:46 -----Epoch 142/199-----
12-08 00:00:25 Epoch 142 Train, Loss: 13.30

12-08 00:00:26 -----Epoch 143/199-----
12-08 00:01:05 Epoch 143 Train, Loss: 13.09

12-08 00:01:05 -----Epoch 144/199-----
12-08 00:01:44 Epoch 144 Train, Loss: 13.31

12-08 00:01:50 Epoch 144 Val, MSE: 22.30 MAE: 14.16, ACP: 0.48, Cost 5.0 sec
12-08 00:01:50 best mse 13.39 mae 9.19, acp 0.62
12-08 00:01:50 -----Epoch 145/199-----
12-08 00:02:29 Epoch 145 Train, Loss: 13.06

12-08 00:02:30 -----Epoch 146/199-----
12-08 00:03:09 Epoch 146 Train, Loss: 13.07

12-08 00:03:10 -----Epoch 147/199-----
12-08 00:03:48 Epoch 147 Train, Loss: 12.82

12-08 00:03:49 -----Epoch 148/199-----
12-08 00:04:28 Epoch 148 Train, Loss: 12.89

12-08 00:04:29 -----Epoch 149/199-----
12-08 00:05:08 Epoch 149 Train, Loss: 14.01

12-08 00:05:14 Epoch 149 Val, MSE: 18.02 MAE: 12.52, ACP: 0.42, Cost 5.0 sec
12-08 00:05:14 best mse 13.39 mae 9.19, acp 0.62
12-08 00:05:14 -----Epoch 150/199-----
12-08 00:05:53 Epoch 150 Train, Loss: 13.12

12-08 00:05:53 -----Epoch 151/199-----
12-08 00:06:32 Epoch 151 Train, Loss: 12.91

12-08 00:06:33 -----Epoch 152/199-----
12-08 00:07:12 Epoch 152 Train, Loss: 12.97

12-08 00:07:13 -----Epoch 153/199-----
12-08 00:07:51 Epoch 153 Train, Loss: 12.70

12-08 00:07:52 -----Epoch 154/199-----
12-08 00:08:31 Epoch 154 Train, Loss: 12.77

12-08 00:08:37 Epoch 154 Val, MSE: 18.74 MAE: 12.32, ACP: 0.46, Cost 5.0 sec
12-08 00:08:37 best mse 13.39 mae 9.19, acp 0.62
12-08 00:08:37 -----Epoch 155/199-----
12-08 00:09:16 Epoch 155 Train, Loss: 12.60

12-08 00:09:17 -----Epoch 156/199-----
12-08 00:09:56 Epoch 156 Train, Loss: 12.56

12-08 00:09:56 -----Epoch 157/199-----
12-08 00:10:35 Epoch 157 Train, Loss: 12.80

12-08 00:10:36 -----Epoch 158/199-----
12-08 00:11:15 Epoch 158 Train, Loss: 12.27

12-08 00:11:15 -----Epoch 159/199-----
12-08 00:11:55 Epoch 159 Train, Loss: 12.72

12-08 00:12:00 Epoch 159 Val, MSE: 22.31 MAE: 15.99, ACP: 0.38, Cost 5.0 sec
12-08 00:12:00 best mse 13.39 mae 9.19, acp 0.62
12-08 00:12:00 -----Epoch 160/199-----
12-08 00:12:39 Epoch 160 Train, Loss: 12.44

12-08 00:12:40 -----Epoch 161/199-----
12-08 00:13:19 Epoch 161 Train, Loss: 12.80

12-08 00:13:20 -----Epoch 162/199-----
12-08 00:13:59 Epoch 162 Train, Loss: 12.90

12-08 00:13:59 -----Epoch 163/199-----
12-08 00:14:38 Epoch 163 Train, Loss: 12.93

12-08 00:14:39 -----Epoch 164/199-----
12-08 00:15:18 Epoch 164 Train, Loss: 12.60

12-08 00:15:24 Epoch 164 Val, MSE: 15.05 MAE: 10.83, ACP: 0.46, Cost 5.0 sec
12-08 00:15:24 best mse 13.39 mae 9.19, acp 0.62
12-08 00:15:24 -----Epoch 165/199-----
12-08 00:16:03 Epoch 165 Train, Loss: 12.46

12-08 00:16:03 -----Epoch 166/199-----
12-08 00:16:42 Epoch 166 Train, Loss: 12.22

12-08 00:16:43 -----Epoch 167/199-----
12-08 00:17:22 Epoch 167 Train, Loss: 12.22

12-08 00:17:23 -----Epoch 168/199-----
12-08 00:18:01 Epoch 168 Train, Loss: 12.56

12-08 00:18:02 -----Epoch 169/199-----
12-08 00:18:41 Epoch 169 Train, Loss: 12.23

12-08 00:18:47 Epoch 169 Val, MSE: 16.63 MAE: 11.91, ACP: 0.40, Cost 5.0 sec
12-08 00:18:47 best mse 13.39 mae 9.19, acp 0.62
12-08 00:18:47 -----Epoch 170/199-----
12-08 00:19:26 Epoch 170 Train, Loss: 12.26

12-08 00:19:27 -----Epoch 171/199-----
12-08 00:20:05 Epoch 171 Train, Loss: 11.95

12-08 00:20:06 -----Epoch 172/199-----
12-08 00:20:45 Epoch 172 Train, Loss: 12.22

12-08 00:20:46 -----Epoch 173/199-----
12-08 00:21:25 Epoch 173 Train, Loss: 12.37

12-08 00:21:25 -----Epoch 174/199-----
12-08 00:22:04 Epoch 174 Train, Loss: 12.27

12-08 00:22:10 Epoch 174 Val, MSE: 17.18 MAE: 12.23, ACP: 0.44, Cost 5.0 sec
12-08 00:22:10 best mse 13.39 mae 9.19, acp 0.62
12-08 00:22:10 -----Epoch 175/199-----
12-08 00:22:49 Epoch 175 Train, Loss: 12.39

12-08 00:22:50 -----Epoch 176/199-----
12-08 00:23:29 Epoch 176 Train, Loss: 12.15

12-08 00:23:29 -----Epoch 177/199-----
12-08 00:24:08 Epoch 177 Train, Loss: 12.22

12-08 00:24:09 -----Epoch 178/199-----
12-08 00:24:48 Epoch 178 Train, Loss: 12.43

12-08 00:24:49 -----Epoch 179/199-----
12-08 00:25:28 Epoch 179 Train, Loss: 12.28

12-08 00:25:33 Epoch 179 Val, MSE: 23.25 MAE: 17.08, ACP: 0.34, Cost 5.0 sec
12-08 00:25:33 best mse 13.39 mae 9.19, acp 0.62
12-08 00:25:33 -----Epoch 180/199-----
12-08 00:26:12 Epoch 180 Train, Loss: 12.28

12-08 00:26:13 -----Epoch 181/199-----
12-08 00:26:52 Epoch 181 Train, Loss: 12.16

12-08 00:26:53 -----Epoch 182/199-----
12-08 00:27:31 Epoch 182 Train, Loss: 12.30

12-08 00:27:32 -----Epoch 183/199-----
12-08 00:28:11 Epoch 183 Train, Loss: 12.35

12-08 00:28:12 -----Epoch 184/199-----
12-08 00:28:51 Epoch 184 Train, Loss: 12.20

12-08 00:28:57 Epoch 184 Val, MSE: 21.67 MAE: 15.18, ACP: 0.42, Cost 5.0 sec
12-08 00:28:57 best mse 13.39 mae 9.19, acp 0.62
12-08 00:28:57 -----Epoch 185/199-----
12-08 00:29:35 Epoch 185 Train, Loss: 12.11

12-08 00:29:36 -----Epoch 186/199-----
12-08 00:30:15 Epoch 186 Train, Loss: 12.03

12-08 00:30:16 -----Epoch 187/199-----
12-08 00:30:55 Epoch 187 Train, Loss: 11.92

12-08 00:30:55 -----Epoch 188/199-----
12-08 00:31:34 Epoch 188 Train, Loss: 12.01

12-08 00:31:35 -----Epoch 189/199-----
12-08 00:32:14 Epoch 189 Train, Loss: 12.28

12-08 00:32:20 Epoch 189 Val, MSE: 16.72 MAE: 11.53, ACP: 0.50, Cost 5.1 sec
12-08 00:32:20 best mse 13.39 mae 9.19, acp 0.62
12-08 00:32:20 -----Epoch 190/199-----
12-08 00:32:59 Epoch 190 Train, Loss: 11.86

12-08 00:32:59 -----Epoch 191/199-----
12-08 00:33:38 Epoch 191 Train, Loss: 12.08

12-08 00:33:39 -----Epoch 192/199-----
12-08 00:34:18 Epoch 192 Train, Loss: 11.84

12-08 00:34:19 -----Epoch 193/199-----
12-08 00:34:57 Epoch 193 Train, Loss: 12.39

12-08 00:34:58 -----Epoch 194/199-----
12-08 00:35:37 Epoch 194 Train, Loss: 12.21

12-08 00:35:43 Epoch 194 Val, MSE: 26.74 MAE: 19.84, ACP: 0.26, Cost 5.1 sec
12-08 00:35:43 best mse 13.39 mae 9.19, acp 0.62
12-08 00:35:43 -----Epoch 195/199-----
12-08 00:36:22 Epoch 195 Train, Loss: 12.45

12-08 00:36:22 -----Epoch 196/199-----
12-08 00:37:01 Epoch 196 Train, Loss: 12.36

12-08 00:37:02 -----Epoch 197/199-----
12-08 00:37:41 Epoch 197 Train, Loss: 12.10

12-08 00:37:42 -----Epoch 198/199-----
12-08 00:38:21 Epoch 198 Train, Loss: 11.97

12-08 00:38:21 -----Epoch 199/199-----
12-08 00:38:53 Epoch 199 Train, Loss: 12.54

12-08 00:38:56 Epoch 199 Val, MSE: 20.83 MAE: 14.41, ACP: 0.42, Cost 2.6 sec
12-08 00:38:56 best mse 13.39 mae 9.19, acp 0.62
12-08 00:38:56 Best mse 13.39 mae 9.19 acp 0.62
