12-07 22:23:28 model_name: vgg19_trans
12-07 22:23:28 data_dir: cell_Train_Val_Test_v2_2
12-07 22:23:28 save_dir: model_v2_2
12-07 22:23:28 save_all: False
12-07 22:23:28 lr: 4.9999999999999996e-06
12-07 22:23:28 weight_decay: 1e-05
12-07 22:23:28 resume: 
12-07 22:23:28 max_model_num: 1
12-07 22:23:28 max_epoch: 200
12-07 22:23:28 val_epoch: 5
12-07 22:23:28 val_start: 10
12-07 22:23:28 batch_size: 4
12-07 22:23:28 device: 0
12-07 22:23:28 num_workers: 4
12-07 22:23:28 is_gray: False
12-07 22:23:28 crop_size: 512
12-07 22:23:28 downsample_ratio: 16
12-07 22:23:28 use_background: True
12-07 22:23:28 sigma: 8.0
12-07 22:23:28 background_ratio: 0.15
12-07 22:23:28 using 1 gpus
12-07 22:23:29 -----Epoch 0/199-----
12-07 22:24:08 Epoch 0 Train, Loss: 62.62

12-07 22:24:09 -----Epoch 1/199-----
12-07 22:24:48 Epoch 1 Train, Loss: 42.04

12-07 22:24:48 -----Epoch 2/199-----
12-07 22:25:27 Epoch 2 Train, Loss: 34.71

12-07 22:25:28 -----Epoch 3/199-----
12-07 22:26:07 Epoch 3 Train, Loss: 31.94

12-07 22:26:07 -----Epoch 4/199-----
12-07 22:26:46 Epoch 4 Train, Loss: 29.62

12-07 22:26:47 -----Epoch 5/199-----
12-07 22:27:26 Epoch 5 Train, Loss: 28.71

12-07 22:27:26 -----Epoch 6/199-----
12-07 22:28:05 Epoch 6 Train, Loss: 26.19

12-07 22:28:06 -----Epoch 7/199-----
12-07 22:28:45 Epoch 7 Train, Loss: 25.49

12-07 22:28:46 -----Epoch 8/199-----
12-07 22:29:25 Epoch 8 Train, Loss: 24.97

12-07 22:29:25 -----Epoch 9/199-----
12-07 22:30:04 Epoch 9 Train, Loss: 23.95

12-07 22:30:12 Epoch 9 Val, MSE: 15.64 MAE: 10.11, ACP: 0.56, Cost 7.1 sec
12-07 22:30:12 best mse inf mae inf, acp inf
12-07 22:30:12 save best mse 15.64 mae 10.11 acp 0.56, model epoch 9
12-07 22:30:12 -----Epoch 10/199-----
12-07 22:30:50 Epoch 10 Train, Loss: 23.74

12-07 22:30:51 -----Epoch 11/199-----
12-07 22:31:30 Epoch 11 Train, Loss: 23.44

12-07 22:31:30 -----Epoch 12/199-----
12-07 22:32:09 Epoch 12 Train, Loss: 22.88

12-07 22:32:10 -----Epoch 13/199-----
12-07 22:32:49 Epoch 13 Train, Loss: 22.55

12-07 22:32:50 -----Epoch 14/199-----
12-07 22:33:29 Epoch 14 Train, Loss: 21.89

12-07 22:33:34 Epoch 14 Val, MSE: 16.82 MAE: 11.98, ACP: 0.48, Cost 5.0 sec
12-07 22:33:34 best mse 15.64 mae 10.11, acp 0.56
12-07 22:33:34 -----Epoch 15/199-----
12-07 22:34:13 Epoch 15 Train, Loss: 21.99

12-07 22:34:14 -----Epoch 16/199-----
12-07 22:34:53 Epoch 16 Train, Loss: 21.64

12-07 22:34:54 -----Epoch 17/199-----
12-07 22:35:33 Epoch 17 Train, Loss: 21.69

12-07 22:35:33 -----Epoch 18/199-----
12-07 22:36:12 Epoch 18 Train, Loss: 21.33

12-07 22:36:13 -----Epoch 19/199-----
12-07 22:36:52 Epoch 19 Train, Loss: 20.39

12-07 22:36:58 Epoch 19 Val, MSE: 14.19 MAE: 9.30, ACP: 0.46, Cost 5.1 sec
12-07 22:36:58 best mse 15.64 mae 10.11, acp 0.56
12-07 22:36:58 save best mse 14.19 mae 9.30 acp 0.46, model epoch 19
12-07 22:36:58 -----Epoch 20/199-----
12-07 22:37:37 Epoch 20 Train, Loss: 20.56

12-07 22:37:37 -----Epoch 21/199-----
12-07 22:38:16 Epoch 21 Train, Loss: 20.99

12-07 22:38:17 -----Epoch 22/199-----
12-07 22:38:56 Epoch 22 Train, Loss: 20.01

12-07 22:38:57 -----Epoch 23/199-----
12-07 22:39:35 Epoch 23 Train, Loss: 20.34

12-07 22:39:36 -----Epoch 24/199-----
12-07 22:40:15 Epoch 24 Train, Loss: 19.52

12-07 22:40:21 Epoch 24 Val, MSE: 15.50 MAE: 10.50, ACP: 0.44, Cost 5.1 sec
12-07 22:40:21 best mse 14.19 mae 9.30, acp 0.46
12-07 22:40:21 -----Epoch 25/199-----
12-07 22:41:00 Epoch 25 Train, Loss: 19.93

12-07 22:41:01 -----Epoch 26/199-----
12-07 22:41:40 Epoch 26 Train, Loss: 19.33

12-07 22:41:40 -----Epoch 27/199-----
12-07 22:42:19 Epoch 27 Train, Loss: 18.93

12-07 22:42:20 -----Epoch 28/199-----
12-07 22:42:59 Epoch 28 Train, Loss: 19.34

12-07 22:43:00 -----Epoch 29/199-----
12-07 22:43:39 Epoch 29 Train, Loss: 19.11

12-07 22:43:45 Epoch 29 Val, MSE: 15.58 MAE: 9.82, ACP: 0.50, Cost 5.1 sec
12-07 22:43:45 best mse 14.19 mae 9.30, acp 0.46
12-07 22:43:45 -----Epoch 30/199-----
12-07 22:44:24 Epoch 30 Train, Loss: 18.88

12-07 22:44:25 -----Epoch 31/199-----
12-07 22:45:04 Epoch 31 Train, Loss: 18.65

12-07 22:45:05 -----Epoch 32/199-----
12-07 22:45:44 Epoch 32 Train, Loss: 18.86

12-07 22:45:44 -----Epoch 33/199-----
12-07 22:46:23 Epoch 33 Train, Loss: 18.38

12-07 22:46:24 -----Epoch 34/199-----
12-07 22:47:03 Epoch 34 Train, Loss: 18.73

12-07 22:47:09 Epoch 34 Val, MSE: 12.83 MAE: 8.54, ACP: 0.58, Cost 5.1 sec
12-07 22:47:09 best mse 14.19 mae 9.30, acp 0.46
12-07 22:47:09 save best mse 12.83 mae 8.54 acp 0.58, model epoch 34
12-07 22:47:09 -----Epoch 35/199-----
12-07 22:47:49 Epoch 35 Train, Loss: 18.32

12-07 22:47:49 -----Epoch 36/199-----
12-07 22:48:28 Epoch 36 Train, Loss: 18.56

12-07 22:48:29 -----Epoch 37/199-----
12-07 22:49:08 Epoch 37 Train, Loss: 18.41

12-07 22:49:09 -----Epoch 38/199-----
12-07 22:49:48 Epoch 38 Train, Loss: 18.38

12-07 22:49:49 -----Epoch 39/199-----
12-07 22:50:28 Epoch 39 Train, Loss: 18.12

12-07 22:50:34 Epoch 39 Val, MSE: 16.44 MAE: 10.49, ACP: 0.48, Cost 4.9 sec
12-07 22:50:34 best mse 12.83 mae 8.54, acp 0.58
12-07 22:50:34 -----Epoch 40/199-----
12-07 22:51:13 Epoch 40 Train, Loss: 17.84

12-07 22:51:14 -----Epoch 41/199-----
12-07 22:51:53 Epoch 41 Train, Loss: 17.70

12-07 22:51:54 -----Epoch 42/199-----
12-07 22:52:33 Epoch 42 Train, Loss: 17.41

12-07 22:52:33 -----Epoch 43/199-----
12-07 22:53:13 Epoch 43 Train, Loss: 17.12

12-07 22:53:13 -----Epoch 44/199-----
12-07 22:53:52 Epoch 44 Train, Loss: 17.59

12-07 22:53:58 Epoch 44 Val, MSE: 12.76 MAE: 8.80, ACP: 0.48, Cost 4.8 sec
12-07 22:53:58 best mse 12.83 mae 8.54, acp 0.58
12-07 22:53:58 -----Epoch 45/199-----
12-07 22:54:37 Epoch 45 Train, Loss: 17.25

12-07 22:54:38 -----Epoch 46/199-----
12-07 22:55:17 Epoch 46 Train, Loss: 17.43

12-07 22:55:18 -----Epoch 47/199-----
12-07 22:55:56 Epoch 47 Train, Loss: 18.07

12-07 22:55:57 -----Epoch 48/199-----
12-07 22:56:36 Epoch 48 Train, Loss: 17.33

12-07 22:56:36 -----Epoch 49/199-----
12-07 22:57:15 Epoch 49 Train, Loss: 17.09

12-07 22:57:20 Epoch 49 Val, MSE: 26.43 MAE: 18.21, ACP: 0.22, Cost 4.5 sec
12-07 22:57:20 best mse 12.83 mae 8.54, acp 0.58
12-07 22:57:20 -----Epoch 50/199-----
12-07 22:58:00 Epoch 50 Train, Loss: 17.35

12-07 22:58:00 -----Epoch 51/199-----
12-07 22:58:39 Epoch 51 Train, Loss: 17.12

12-07 22:58:40 -----Epoch 52/199-----
12-07 22:59:18 Epoch 52 Train, Loss: 16.90

12-07 22:59:19 -----Epoch 53/199-----
12-07 22:59:58 Epoch 53 Train, Loss: 16.88

12-07 22:59:58 -----Epoch 54/199-----
12-07 23:00:37 Epoch 54 Train, Loss: 16.77

12-07 23:00:43 Epoch 54 Val, MSE: 22.95 MAE: 14.28, ACP: 0.44, Cost 4.7 sec
12-07 23:00:43 best mse 12.83 mae 8.54, acp 0.58
12-07 23:00:43 -----Epoch 55/199-----
12-07 23:01:22 Epoch 55 Train, Loss: 17.06

12-07 23:01:23 -----Epoch 56/199-----
12-07 23:02:01 Epoch 56 Train, Loss: 17.05

12-07 23:02:02 -----Epoch 57/199-----
12-07 23:02:41 Epoch 57 Train, Loss: 16.71

12-07 23:02:41 -----Epoch 58/199-----
12-07 23:03:20 Epoch 58 Train, Loss: 16.58

12-07 23:03:21 -----Epoch 59/199-----
12-07 23:03:59 Epoch 59 Train, Loss: 16.08

12-07 23:04:05 Epoch 59 Val, MSE: 20.22 MAE: 12.45, ACP: 0.46, Cost 4.9 sec
12-07 23:04:05 best mse 12.83 mae 8.54, acp 0.58
12-07 23:04:05 -----Epoch 60/199-----
12-07 23:04:44 Epoch 60 Train, Loss: 16.48

12-07 23:04:45 -----Epoch 61/199-----
12-07 23:05:23 Epoch 61 Train, Loss: 16.30

12-07 23:05:24 -----Epoch 62/199-----
12-07 23:06:03 Epoch 62 Train, Loss: 16.49

12-07 23:06:04 -----Epoch 63/199-----
12-07 23:06:42 Epoch 63 Train, Loss: 16.42

12-07 23:06:43 -----Epoch 64/199-----
12-07 23:07:22 Epoch 64 Train, Loss: 16.49

12-07 23:07:28 Epoch 64 Val, MSE: 18.98 MAE: 12.76, ACP: 0.34, Cost 4.9 sec
12-07 23:07:28 best mse 12.83 mae 8.54, acp 0.58
12-07 23:07:28 -----Epoch 65/199-----
12-07 23:08:07 Epoch 65 Train, Loss: 15.76

12-07 23:08:07 -----Epoch 66/199-----
12-07 23:08:46 Epoch 66 Train, Loss: 16.23

12-07 23:08:47 -----Epoch 67/199-----
12-07 23:09:26 Epoch 67 Train, Loss: 16.17

12-07 23:09:26 -----Epoch 68/199-----
12-07 23:10:05 Epoch 68 Train, Loss: 16.29

12-07 23:10:06 -----Epoch 69/199-----
12-07 23:10:45 Epoch 69 Train, Loss: 15.88

12-07 23:10:50 Epoch 69 Val, MSE: 14.03 MAE: 9.81, ACP: 0.44, Cost 4.9 sec
12-07 23:10:50 best mse 12.83 mae 8.54, acp 0.58
12-07 23:10:50 -----Epoch 70/199-----
12-07 23:11:29 Epoch 70 Train, Loss: 15.92

12-07 23:11:30 -----Epoch 71/199-----
12-07 23:12:09 Epoch 71 Train, Loss: 16.39

12-07 23:12:10 -----Epoch 72/199-----
12-07 23:12:48 Epoch 72 Train, Loss: 16.00

12-07 23:12:49 -----Epoch 73/199-----
12-07 23:13:28 Epoch 73 Train, Loss: 15.71

12-07 23:13:29 -----Epoch 74/199-----
12-07 23:14:07 Epoch 74 Train, Loss: 15.94

12-07 23:14:13 Epoch 74 Val, MSE: 19.79 MAE: 12.37, ACP: 0.40, Cost 4.9 sec
12-07 23:14:13 best mse 12.83 mae 8.54, acp 0.58
12-07 23:14:13 -----Epoch 75/199-----
12-07 23:14:52 Epoch 75 Train, Loss: 16.03

12-07 23:14:53 -----Epoch 76/199-----
12-07 23:15:32 Epoch 76 Train, Loss: 16.14

12-07 23:15:32 -----Epoch 77/199-----
12-07 23:16:11 Epoch 77 Train, Loss: 15.47

12-07 23:16:12 -----Epoch 78/199-----
12-07 23:16:51 Epoch 78 Train, Loss: 15.69

12-07 23:16:51 -----Epoch 79/199-----
12-07 23:17:30 Epoch 79 Train, Loss: 15.87

12-07 23:17:36 Epoch 79 Val, MSE: 20.32 MAE: 13.71, ACP: 0.34, Cost 5.0 sec
12-07 23:17:36 best mse 12.83 mae 8.54, acp 0.58
12-07 23:17:36 -----Epoch 80/199-----
12-07 23:18:15 Epoch 80 Train, Loss: 15.53

12-07 23:18:15 -----Epoch 81/199-----
12-07 23:18:54 Epoch 81 Train, Loss: 15.46

12-07 23:18:55 -----Epoch 82/199-----
12-07 23:19:34 Epoch 82 Train, Loss: 15.54

12-07 23:19:35 -----Epoch 83/199-----
12-07 23:20:13 Epoch 83 Train, Loss: 15.73

12-07 23:20:14 -----Epoch 84/199-----
12-07 23:20:53 Epoch 84 Train, Loss: 15.00

12-07 23:20:59 Epoch 84 Val, MSE: 13.58 MAE: 9.23, ACP: 0.50, Cost 5.1 sec
12-07 23:20:59 best mse 12.83 mae 8.54, acp 0.58
12-07 23:20:59 -----Epoch 85/199-----
12-07 23:21:38 Epoch 85 Train, Loss: 15.38

12-07 23:21:38 -----Epoch 86/199-----
12-07 23:22:17 Epoch 86 Train, Loss: 15.31

12-07 23:22:18 -----Epoch 87/199-----
12-07 23:22:57 Epoch 87 Train, Loss: 15.15

12-07 23:22:57 -----Epoch 88/199-----
12-07 23:23:36 Epoch 88 Train, Loss: 15.10

12-07 23:23:37 -----Epoch 89/199-----
12-07 23:24:16 Epoch 89 Train, Loss: 15.00

12-07 23:24:22 Epoch 89 Val, MSE: 19.96 MAE: 11.39, ACP: 0.52, Cost 5.1 sec
12-07 23:24:22 best mse 12.83 mae 8.54, acp 0.58
12-07 23:24:22 -----Epoch 90/199-----
12-07 23:25:01 Epoch 90 Train, Loss: 15.37

12-07 23:25:01 -----Epoch 91/199-----
12-07 23:25:40 Epoch 91 Train, Loss: 15.88

12-07 23:25:41 -----Epoch 92/199-----
12-07 23:26:20 Epoch 92 Train, Loss: 14.88

12-07 23:26:20 -----Epoch 93/199-----
12-07 23:26:59 Epoch 93 Train, Loss: 14.90

12-07 23:27:00 -----Epoch 94/199-----
12-07 23:27:39 Epoch 94 Train, Loss: 14.33

12-07 23:27:45 Epoch 94 Val, MSE: 16.39 MAE: 10.93, ACP: 0.50, Cost 5.1 sec
12-07 23:27:45 best mse 12.83 mae 8.54, acp 0.58
12-07 23:27:45 -----Epoch 95/199-----
12-07 23:28:24 Epoch 95 Train, Loss: 14.70

12-07 23:28:24 -----Epoch 96/199-----
12-07 23:29:03 Epoch 96 Train, Loss: 14.73

12-07 23:29:04 -----Epoch 97/199-----
12-07 23:29:43 Epoch 97 Train, Loss: 14.82

12-07 23:29:43 -----Epoch 98/199-----
12-07 23:30:22 Epoch 98 Train, Loss: 15.08

12-07 23:30:23 -----Epoch 99/199-----
12-07 23:31:02 Epoch 99 Train, Loss: 14.40

12-07 23:31:08 Epoch 99 Val, MSE: 13.84 MAE: 9.28, ACP: 0.58, Cost 5.1 sec
12-07 23:31:08 best mse 12.83 mae 8.54, acp 0.58
12-07 23:31:08 -----Epoch 100/199-----
12-07 23:31:46 Epoch 100 Train, Loss: 14.84

12-07 23:31:47 -----Epoch 101/199-----
12-07 23:32:26 Epoch 101 Train, Loss: 14.72

12-07 23:32:27 -----Epoch 102/199-----
12-07 23:33:05 Epoch 102 Train, Loss: 14.99

12-07 23:33:06 -----Epoch 103/199-----
12-07 23:33:45 Epoch 103 Train, Loss: 15.11

12-07 23:33:46 -----Epoch 104/199-----
12-07 23:34:25 Epoch 104 Train, Loss: 14.38

12-07 23:34:30 Epoch 104 Val, MSE: 23.25 MAE: 16.63, ACP: 0.36, Cost 5.1 sec
12-07 23:34:30 best mse 12.83 mae 8.54, acp 0.58
12-07 23:34:30 -----Epoch 105/199-----
12-07 23:35:09 Epoch 105 Train, Loss: 15.28

12-07 23:35:10 -----Epoch 106/199-----
12-07 23:35:49 Epoch 106 Train, Loss: 14.23

12-07 23:35:50 -----Epoch 107/199-----
12-07 23:36:28 Epoch 107 Train, Loss: 14.10

12-07 23:36:29 -----Epoch 108/199-----
12-07 23:37:08 Epoch 108 Train, Loss: 14.62

12-07 23:37:08 -----Epoch 109/199-----
12-07 23:37:47 Epoch 109 Train, Loss: 14.23

12-07 23:37:53 Epoch 109 Val, MSE: 12.15 MAE: 8.34, ACP: 0.56, Cost 5.1 sec
12-07 23:37:53 best mse 12.83 mae 8.54, acp 0.58
12-07 23:37:53 save best mse 12.15 mae 8.34 acp 0.56, model epoch 109
12-07 23:37:54 -----Epoch 110/199-----
12-07 23:38:32 Epoch 110 Train, Loss: 14.48

12-07 23:38:33 -----Epoch 111/199-----
12-07 23:39:12 Epoch 111 Train, Loss: 14.57

12-07 23:39:13 -----Epoch 112/199-----
12-07 23:39:51 Epoch 112 Train, Loss: 14.17

12-07 23:39:52 -----Epoch 113/199-----
12-07 23:40:31 Epoch 113 Train, Loss: 14.08

12-07 23:40:32 -----Epoch 114/199-----
12-07 23:41:11 Epoch 114 Train, Loss: 14.03

12-07 23:41:16 Epoch 114 Val, MSE: 12.47 MAE: 8.55, ACP: 0.54, Cost 5.1 sec
12-07 23:41:16 best mse 12.15 mae 8.34, acp 0.56
12-07 23:41:16 -----Epoch 115/199-----
12-07 23:41:55 Epoch 115 Train, Loss: 14.04

12-07 23:41:56 -----Epoch 116/199-----
12-07 23:42:35 Epoch 116 Train, Loss: 13.86

12-07 23:42:36 -----Epoch 117/199-----
12-07 23:43:14 Epoch 117 Train, Loss: 14.12

12-07 23:43:15 -----Epoch 118/199-----
12-07 23:43:54 Epoch 118 Train, Loss: 14.66

12-07 23:43:55 -----Epoch 119/199-----
12-07 23:44:34 Epoch 119 Train, Loss: 14.19

12-07 23:44:39 Epoch 119 Val, MSE: 13.56 MAE: 9.56, ACP: 0.44, Cost 5.1 sec
12-07 23:44:39 best mse 12.15 mae 8.34, acp 0.56
12-07 23:44:39 -----Epoch 120/199-----
12-07 23:45:18 Epoch 120 Train, Loss: 14.14

12-07 23:45:19 -----Epoch 121/199-----
12-07 23:45:58 Epoch 121 Train, Loss: 13.94

12-07 23:45:58 -----Epoch 122/199-----
12-07 23:46:37 Epoch 122 Train, Loss: 13.77

12-07 23:46:38 -----Epoch 123/199-----
12-07 23:47:17 Epoch 123 Train, Loss: 13.94

12-07 23:47:18 -----Epoch 124/199-----
12-07 23:47:56 Epoch 124 Train, Loss: 14.04

12-07 23:48:02 Epoch 124 Val, MSE: 12.12 MAE: 8.68, ACP: 0.50, Cost 5.1 sec
12-07 23:48:02 best mse 12.15 mae 8.34, acp 0.56
12-07 23:48:02 -----Epoch 125/199-----
12-07 23:48:41 Epoch 125 Train, Loss: 14.51

12-07 23:48:42 -----Epoch 126/199-----
12-07 23:49:21 Epoch 126 Train, Loss: 13.74

12-07 23:49:21 -----Epoch 127/199-----
12-07 23:50:00 Epoch 127 Train, Loss: 13.67

12-07 23:50:01 -----Epoch 128/199-----
12-07 23:50:40 Epoch 128 Train, Loss: 14.00

12-07 23:50:41 -----Epoch 129/199-----
12-07 23:51:19 Epoch 129 Train, Loss: 13.81

12-07 23:51:25 Epoch 129 Val, MSE: 18.87 MAE: 12.99, ACP: 0.38, Cost 5.1 sec
12-07 23:51:25 best mse 12.15 mae 8.34, acp 0.56
12-07 23:51:25 -----Epoch 130/199-----
12-07 23:52:04 Epoch 130 Train, Loss: 13.63

12-07 23:52:05 -----Epoch 131/199-----
12-07 23:52:44 Epoch 131 Train, Loss: 14.27

12-07 23:52:45 -----Epoch 132/199-----
12-07 23:53:23 Epoch 132 Train, Loss: 13.92

12-07 23:53:24 -----Epoch 133/199-----
12-07 23:54:03 Epoch 133 Train, Loss: 14.19

12-07 23:54:04 -----Epoch 134/199-----
12-07 23:54:42 Epoch 134 Train, Loss: 13.10

12-07 23:54:48 Epoch 134 Val, MSE: 11.39 MAE: 7.98, ACP: 0.58, Cost 5.1 sec
12-07 23:54:48 best mse 12.15 mae 8.34, acp 0.56
12-07 23:54:48 save best mse 11.39 mae 7.98 acp 0.58, model epoch 134
12-07 23:54:49 -----Epoch 135/199-----
12-07 23:55:28 Epoch 135 Train, Loss: 13.66

12-07 23:55:28 -----Epoch 136/199-----
12-07 23:56:07 Epoch 136 Train, Loss: 13.38

12-07 23:56:08 -----Epoch 137/199-----
12-07 23:56:47 Epoch 137 Train, Loss: 13.38

12-07 23:56:47 -----Epoch 138/199-----
12-07 23:57:26 Epoch 138 Train, Loss: 13.42

12-07 23:57:27 -----Epoch 139/199-----
12-07 23:58:06 Epoch 139 Train, Loss: 13.40

12-07 23:58:12 Epoch 139 Val, MSE: 15.00 MAE: 9.43, ACP: 0.52, Cost 5.1 sec
12-07 23:58:12 best mse 11.39 mae 7.98, acp 0.58
12-07 23:58:12 -----Epoch 140/199-----
12-07 23:58:50 Epoch 140 Train, Loss: 13.54

12-07 23:58:51 -----Epoch 141/199-----
12-07 23:59:30 Epoch 141 Train, Loss: 13.10

12-07 23:59:31 -----Epoch 142/199-----
12-08 00:00:10 Epoch 142 Train, Loss: 13.11

12-08 00:00:10 -----Epoch 143/199-----
12-08 00:00:49 Epoch 143 Train, Loss: 13.43

12-08 00:00:50 -----Epoch 144/199-----
12-08 00:01:29 Epoch 144 Train, Loss: 13.21

12-08 00:01:35 Epoch 144 Val, MSE: 10.74 MAE: 7.17, ACP: 0.62, Cost 5.2 sec
12-08 00:01:35 best mse 11.39 mae 7.98, acp 0.58
12-08 00:01:35 save best mse 10.74 mae 7.17 acp 0.62, model epoch 144
12-08 00:01:35 -----Epoch 145/199-----
12-08 00:02:14 Epoch 145 Train, Loss: 13.14

12-08 00:02:14 -----Epoch 146/199-----
12-08 00:02:53 Epoch 146 Train, Loss: 12.96

12-08 00:02:54 -----Epoch 147/199-----
12-08 00:03:33 Epoch 147 Train, Loss: 13.04

12-08 00:03:34 -----Epoch 148/199-----
12-08 00:04:12 Epoch 148 Train, Loss: 12.78

12-08 00:04:13 -----Epoch 149/199-----
12-08 00:04:52 Epoch 149 Train, Loss: 13.12

12-08 00:04:58 Epoch 149 Val, MSE: 19.32 MAE: 11.44, ACP: 0.52, Cost 5.1 sec
12-08 00:04:58 best mse 10.74 mae 7.17, acp 0.62
12-08 00:04:58 -----Epoch 150/199-----
12-08 00:05:37 Epoch 150 Train, Loss: 12.95

12-08 00:05:37 -----Epoch 151/199-----
12-08 00:06:16 Epoch 151 Train, Loss: 13.06

12-08 00:06:17 -----Epoch 152/199-----
12-08 00:06:56 Epoch 152 Train, Loss: 12.75

12-08 00:06:56 -----Epoch 153/199-----
12-08 00:07:35 Epoch 153 Train, Loss: 13.24

12-08 00:07:36 -----Epoch 154/199-----
12-08 00:08:15 Epoch 154 Train, Loss: 13.44

12-08 00:08:21 Epoch 154 Val, MSE: 16.46 MAE: 11.81, ACP: 0.40, Cost 5.1 sec
12-08 00:08:21 best mse 10.74 mae 7.17, acp 0.62
12-08 00:08:21 -----Epoch 155/199-----
12-08 00:09:00 Epoch 155 Train, Loss: 12.55

12-08 00:09:00 -----Epoch 156/199-----
12-08 00:09:39 Epoch 156 Train, Loss: 12.92

12-08 00:09:40 -----Epoch 157/199-----
12-08 00:10:19 Epoch 157 Train, Loss: 13.01

12-08 00:10:19 -----Epoch 158/199-----
12-08 00:10:58 Epoch 158 Train, Loss: 13.25

12-08 00:10:59 -----Epoch 159/199-----
12-08 00:11:38 Epoch 159 Train, Loss: 13.04

12-08 00:11:44 Epoch 159 Val, MSE: 36.56 MAE: 25.25, ACP: 0.16, Cost 5.1 sec
12-08 00:11:44 best mse 10.74 mae 7.17, acp 0.62
12-08 00:11:44 -----Epoch 160/199-----
12-08 00:12:23 Epoch 160 Train, Loss: 13.33

12-08 00:12:23 -----Epoch 161/199-----
12-08 00:13:02 Epoch 161 Train, Loss: 12.51

12-08 00:13:03 -----Epoch 162/199-----
12-08 00:13:42 Epoch 162 Train, Loss: 12.88

12-08 00:13:42 -----Epoch 163/199-----
12-08 00:14:21 Epoch 163 Train, Loss: 12.63

12-08 00:14:22 -----Epoch 164/199-----
12-08 00:15:01 Epoch 164 Train, Loss: 12.60

12-08 00:15:07 Epoch 164 Val, MSE: 12.60 MAE: 8.53, ACP: 0.58, Cost 5.1 sec
12-08 00:15:07 best mse 10.74 mae 7.17, acp 0.62
12-08 00:15:07 -----Epoch 165/199-----
12-08 00:15:46 Epoch 165 Train, Loss: 12.15

12-08 00:15:46 -----Epoch 166/199-----
12-08 00:16:25 Epoch 166 Train, Loss: 12.81

12-08 00:16:26 -----Epoch 167/199-----
12-08 00:17:05 Epoch 167 Train, Loss: 12.58

12-08 00:17:05 -----Epoch 168/199-----
12-08 00:17:44 Epoch 168 Train, Loss: 12.62

12-08 00:17:45 -----Epoch 169/199-----
12-08 00:18:24 Epoch 169 Train, Loss: 12.44

12-08 00:18:29 Epoch 169 Val, MSE: 21.01 MAE: 13.94, ACP: 0.42, Cost 5.1 sec
12-08 00:18:29 best mse 10.74 mae 7.17, acp 0.62
12-08 00:18:29 -----Epoch 170/199-----
12-08 00:19:08 Epoch 170 Train, Loss: 12.41

12-08 00:19:09 -----Epoch 171/199-----
12-08 00:19:48 Epoch 171 Train, Loss: 12.23

12-08 00:19:49 -----Epoch 172/199-----
12-08 00:20:27 Epoch 172 Train, Loss: 12.31

12-08 00:20:28 -----Epoch 173/199-----
12-08 00:21:07 Epoch 173 Train, Loss: 12.09

12-08 00:21:08 -----Epoch 174/199-----
12-08 00:21:46 Epoch 174 Train, Loss: 12.65

12-08 00:21:52 Epoch 174 Val, MSE: 24.55 MAE: 16.18, ACP: 0.30, Cost 5.1 sec
12-08 00:21:52 best mse 10.74 mae 7.17, acp 0.62
12-08 00:21:52 -----Epoch 175/199-----
12-08 00:22:31 Epoch 175 Train, Loss: 12.51

12-08 00:22:32 -----Epoch 176/199-----
12-08 00:23:11 Epoch 176 Train, Loss: 12.30

12-08 00:23:11 -----Epoch 177/199-----
12-08 00:23:50 Epoch 177 Train, Loss: 12.49

12-08 00:23:51 -----Epoch 178/199-----
12-08 00:24:30 Epoch 178 Train, Loss: 12.29

12-08 00:24:30 -----Epoch 179/199-----
12-08 00:25:09 Epoch 179 Train, Loss: 12.14

12-08 00:25:15 Epoch 179 Val, MSE: 15.48 MAE: 10.07, ACP: 0.58, Cost 5.1 sec
12-08 00:25:15 best mse 10.74 mae 7.17, acp 0.62
12-08 00:25:15 -----Epoch 180/199-----
12-08 00:25:54 Epoch 180 Train, Loss: 12.61

12-08 00:25:55 -----Epoch 181/199-----
12-08 00:26:33 Epoch 181 Train, Loss: 12.60

12-08 00:26:34 -----Epoch 182/199-----
12-08 00:27:13 Epoch 182 Train, Loss: 12.29

12-08 00:27:14 -----Epoch 183/199-----
12-08 00:27:53 Epoch 183 Train, Loss: 12.16

12-08 00:27:53 -----Epoch 184/199-----
12-08 00:28:32 Epoch 184 Train, Loss: 12.19

12-08 00:28:38 Epoch 184 Val, MSE: 19.87 MAE: 12.46, ACP: 0.52, Cost 5.1 sec
12-08 00:28:38 best mse 10.74 mae 7.17, acp 0.62
12-08 00:28:38 -----Epoch 185/199-----
12-08 00:29:17 Epoch 185 Train, Loss: 12.54

12-08 00:29:18 -----Epoch 186/199-----
12-08 00:29:57 Epoch 186 Train, Loss: 12.24

12-08 00:29:57 -----Epoch 187/199-----
12-08 00:30:36 Epoch 187 Train, Loss: 12.24

12-08 00:30:37 -----Epoch 188/199-----
12-08 00:31:16 Epoch 188 Train, Loss: 12.23

12-08 00:31:16 -----Epoch 189/199-----
12-08 00:31:55 Epoch 189 Train, Loss: 12.10

12-08 00:32:01 Epoch 189 Val, MSE: 13.36 MAE: 8.88, ACP: 0.60, Cost 5.1 sec
12-08 00:32:01 best mse 10.74 mae 7.17, acp 0.62
12-08 00:32:01 -----Epoch 190/199-----
12-08 00:32:40 Epoch 190 Train, Loss: 12.18

12-08 00:32:41 -----Epoch 191/199-----
12-08 00:33:20 Epoch 191 Train, Loss: 11.92

12-08 00:33:20 -----Epoch 192/199-----
12-08 00:33:59 Epoch 192 Train, Loss: 12.73

12-08 00:34:00 -----Epoch 193/199-----
12-08 00:34:39 Epoch 193 Train, Loss: 11.92

12-08 00:34:39 -----Epoch 194/199-----
12-08 00:35:18 Epoch 194 Train, Loss: 11.76

12-08 00:35:24 Epoch 194 Val, MSE: 18.76 MAE: 12.69, ACP: 0.52, Cost 5.1 sec
12-08 00:35:24 best mse 10.74 mae 7.17, acp 0.62
12-08 00:35:24 -----Epoch 195/199-----
12-08 00:36:03 Epoch 195 Train, Loss: 12.10

12-08 00:36:04 -----Epoch 196/199-----
12-08 00:36:42 Epoch 196 Train, Loss: 11.95

12-08 00:36:43 -----Epoch 197/199-----
12-08 00:37:22 Epoch 197 Train, Loss: 11.72

12-08 00:37:23 -----Epoch 198/199-----
12-08 00:38:01 Epoch 198 Train, Loss: 12.01

12-08 00:38:02 -----Epoch 199/199-----
12-08 00:38:41 Epoch 199 Train, Loss: 11.85

12-08 00:38:46 Epoch 199 Val, MSE: 26.59 MAE: 16.55, ACP: 0.42, Cost 4.2 sec
12-08 00:38:46 best mse 10.74 mae 7.17, acp 0.62
12-08 00:38:46 Best mse 10.74 mae 7.17 acp 0.62
