12-07 22:23:30 model_name: vgg19_trans
12-07 22:23:30 data_dir: cell_Train_Val_Test_v2_3
12-07 22:23:30 save_dir: model_v2_3
12-07 22:23:30 save_all: False
12-07 22:23:30 lr: 4.9999999999999996e-06
12-07 22:23:30 weight_decay: 1e-05
12-07 22:23:30 resume: 
12-07 22:23:30 max_model_num: 1
12-07 22:23:30 max_epoch: 200
12-07 22:23:30 val_epoch: 5
12-07 22:23:30 val_start: 10
12-07 22:23:30 batch_size: 4
12-07 22:23:30 device: 0
12-07 22:23:30 num_workers: 4
12-07 22:23:30 is_gray: False
12-07 22:23:30 crop_size: 512
12-07 22:23:30 downsample_ratio: 16
12-07 22:23:30 use_background: True
12-07 22:23:30 sigma: 8.0
12-07 22:23:30 background_ratio: 0.15
12-07 22:23:30 using 1 gpus
12-07 22:23:31 -----Epoch 0/199-----
12-07 22:24:16 Epoch 0 Train, Loss: 72.86

12-07 22:24:17 -----Epoch 1/199-----
12-07 22:24:56 Epoch 1 Train, Loss: 42.44

12-07 22:24:56 -----Epoch 2/199-----
12-07 22:25:35 Epoch 2 Train, Loss: 36.71

12-07 22:25:36 -----Epoch 3/199-----
12-07 22:26:15 Epoch 3 Train, Loss: 32.31

12-07 22:26:15 -----Epoch 4/199-----
12-07 22:26:54 Epoch 4 Train, Loss: 30.97

12-07 22:26:55 -----Epoch 5/199-----
12-07 22:27:34 Epoch 5 Train, Loss: 29.30

12-07 22:27:35 -----Epoch 6/199-----
12-07 22:28:14 Epoch 6 Train, Loss: 27.97

12-07 22:28:14 -----Epoch 7/199-----
12-07 22:28:53 Epoch 7 Train, Loss: 26.58

12-07 22:28:54 -----Epoch 8/199-----
12-07 22:29:33 Epoch 8 Train, Loss: 26.20

12-07 22:29:34 -----Epoch 9/199-----
12-07 22:30:11 Epoch 9 Train, Loss: 24.96

12-07 22:30:19 Epoch 9 Val, MSE: 19.65 MAE: 12.00, ACP: 0.44, Cost 6.8 sec
12-07 22:30:19 best mse inf mae inf, acp inf
12-07 22:30:19 save best mse 19.65 mae 12.00 acp 0.44, model epoch 9
12-07 22:30:19 -----Epoch 10/199-----
12-07 22:30:58 Epoch 10 Train, Loss: 24.13

12-07 22:30:59 -----Epoch 11/199-----
12-07 22:31:38 Epoch 11 Train, Loss: 24.26

12-07 22:31:39 -----Epoch 12/199-----
12-07 22:32:17 Epoch 12 Train, Loss: 23.25

12-07 22:32:18 -----Epoch 13/199-----
12-07 22:32:57 Epoch 13 Train, Loss: 24.21

12-07 22:32:58 -----Epoch 14/199-----
12-07 22:33:37 Epoch 14 Train, Loss: 22.97

12-07 22:33:42 Epoch 14 Val, MSE: 34.28 MAE: 23.39, ACP: 0.10, Cost 4.9 sec
12-07 22:33:42 best mse 19.65 mae 12.00, acp 0.44
12-07 22:33:42 -----Epoch 15/199-----
12-07 22:34:21 Epoch 15 Train, Loss: 22.28

12-07 22:34:22 -----Epoch 16/199-----
12-07 22:35:01 Epoch 16 Train, Loss: 21.41

12-07 22:35:02 -----Epoch 17/199-----
12-07 22:35:41 Epoch 17 Train, Loss: 21.80

12-07 22:35:41 -----Epoch 18/199-----
12-07 22:36:20 Epoch 18 Train, Loss: 21.67

12-07 22:36:21 -----Epoch 19/199-----
12-07 22:37:00 Epoch 19 Train, Loss: 22.59

12-07 22:37:05 Epoch 19 Val, MSE: 15.90 MAE: 10.07, ACP: 0.40, Cost 5.0 sec
12-07 22:37:05 best mse 19.65 mae 12.00, acp 0.44
12-07 22:37:05 save best mse 15.90 mae 10.07 acp 0.40, model epoch 19
12-07 22:37:06 -----Epoch 20/199-----
12-07 22:37:45 Epoch 20 Train, Loss: 21.63

12-07 22:37:45 -----Epoch 21/199-----
12-07 22:38:24 Epoch 21 Train, Loss: 20.80

12-07 22:38:25 -----Epoch 22/199-----
12-07 22:39:04 Epoch 22 Train, Loss: 21.02

12-07 22:39:05 -----Epoch 23/199-----
12-07 22:39:43 Epoch 23 Train, Loss: 20.63

12-07 22:39:44 -----Epoch 24/199-----
12-07 22:40:23 Epoch 24 Train, Loss: 20.45

12-07 22:40:29 Epoch 24 Val, MSE: 15.72 MAE: 9.48, ACP: 0.58, Cost 5.0 sec
12-07 22:40:29 best mse 15.90 mae 10.07, acp 0.40
12-07 22:40:29 save best mse 15.72 mae 9.48 acp 0.58, model epoch 24
12-07 22:40:29 -----Epoch 25/199-----
12-07 22:41:08 Epoch 25 Train, Loss: 19.89

12-07 22:41:09 -----Epoch 26/199-----
12-07 22:41:47 Epoch 26 Train, Loss: 20.18

12-07 22:41:48 -----Epoch 27/199-----
12-07 22:42:27 Epoch 27 Train, Loss: 20.06

12-07 22:42:28 -----Epoch 28/199-----
12-07 22:43:06 Epoch 28 Train, Loss: 19.72

12-07 22:43:07 -----Epoch 29/199-----
12-07 22:43:46 Epoch 29 Train, Loss: 19.71

12-07 22:43:52 Epoch 29 Val, MSE: 25.09 MAE: 16.46, ACP: 0.22, Cost 4.9 sec
12-07 22:43:52 best mse 15.72 mae 9.48, acp 0.58
12-07 22:43:52 -----Epoch 30/199-----
12-07 22:44:30 Epoch 30 Train, Loss: 19.78

12-07 22:44:31 -----Epoch 31/199-----
12-07 22:45:10 Epoch 31 Train, Loss: 19.37

12-07 22:45:11 -----Epoch 32/199-----
12-07 22:45:49 Epoch 32 Train, Loss: 19.38

12-07 22:45:50 -----Epoch 33/199-----
12-07 22:46:29 Epoch 33 Train, Loss: 19.82

12-07 22:46:29 -----Epoch 34/199-----
12-07 22:47:08 Epoch 34 Train, Loss: 19.30

12-07 22:47:14 Epoch 34 Val, MSE: 32.43 MAE: 20.00, ACP: 0.22, Cost 4.7 sec
12-07 22:47:14 best mse 15.72 mae 9.48, acp 0.58
12-07 22:47:14 -----Epoch 35/199-----
12-07 22:47:52 Epoch 35 Train, Loss: 18.82

12-07 22:47:53 -----Epoch 36/199-----
12-07 22:48:32 Epoch 36 Train, Loss: 18.91

12-07 22:48:33 -----Epoch 37/199-----
12-07 22:49:11 Epoch 37 Train, Loss: 18.76

12-07 22:49:12 -----Epoch 38/199-----
12-07 22:49:51 Epoch 38 Train, Loss: 18.56

12-07 22:49:51 -----Epoch 39/199-----
12-07 22:50:30 Epoch 39 Train, Loss: 18.77

12-07 22:50:36 Epoch 39 Val, MSE: 23.88 MAE: 16.45, ACP: 0.20, Cost 4.8 sec
12-07 22:50:36 best mse 15.72 mae 9.48, acp 0.58
12-07 22:50:36 -----Epoch 40/199-----
12-07 22:51:15 Epoch 40 Train, Loss: 19.07

12-07 22:51:15 -----Epoch 41/199-----
12-07 22:51:54 Epoch 41 Train, Loss: 18.40

12-07 22:51:55 -----Epoch 42/199-----
12-07 22:52:33 Epoch 42 Train, Loss: 18.43

12-07 22:52:34 -----Epoch 43/199-----
12-07 22:53:13 Epoch 43 Train, Loss: 18.54

12-07 22:53:14 -----Epoch 44/199-----
12-07 22:53:53 Epoch 44 Train, Loss: 18.44

12-07 22:53:59 Epoch 44 Val, MSE: 14.24 MAE: 9.53, ACP: 0.44, Cost 4.9 sec
12-07 22:53:59 best mse 15.72 mae 9.48, acp 0.58
12-07 22:53:59 save best mse 14.24 mae 9.53 acp 0.44, model epoch 44
12-07 22:53:59 -----Epoch 45/199-----
12-07 22:54:38 Epoch 45 Train, Loss: 17.54

12-07 22:54:39 -----Epoch 46/199-----
12-07 22:55:18 Epoch 46 Train, Loss: 18.10

12-07 22:55:19 -----Epoch 47/199-----
12-07 22:55:58 Epoch 47 Train, Loss: 17.73

12-07 22:55:58 -----Epoch 48/199-----
12-07 22:56:38 Epoch 48 Train, Loss: 18.04

12-07 22:56:38 -----Epoch 49/199-----
12-07 22:57:17 Epoch 49 Train, Loss: 17.90

12-07 22:57:23 Epoch 49 Val, MSE: 13.49 MAE: 8.06, ACP: 0.70, Cost 5.0 sec
12-07 22:57:23 best mse 14.24 mae 9.53, acp 0.44
12-07 22:57:23 save best mse 13.49 mae 8.06 acp 0.70, model epoch 49
12-07 22:57:23 -----Epoch 50/199-----
12-07 22:58:03 Epoch 50 Train, Loss: 17.09

12-07 22:58:03 -----Epoch 51/199-----
12-07 22:58:42 Epoch 51 Train, Loss: 17.64

12-07 22:58:43 -----Epoch 52/199-----
12-07 22:59:22 Epoch 52 Train, Loss: 17.44

12-07 22:59:23 -----Epoch 53/199-----
12-07 23:00:02 Epoch 53 Train, Loss: 17.82

12-07 23:00:03 -----Epoch 54/199-----
12-07 23:00:42 Epoch 54 Train, Loss: 17.33

12-07 23:00:48 Epoch 54 Val, MSE: 14.66 MAE: 9.87, ACP: 0.44, Cost 5.1 sec
12-07 23:00:48 best mse 13.49 mae 8.06, acp 0.70
12-07 23:00:48 -----Epoch 55/199-----
12-07 23:01:27 Epoch 55 Train, Loss: 17.35

12-07 23:01:28 -----Epoch 56/199-----
12-07 23:02:07 Epoch 56 Train, Loss: 17.95

12-07 23:02:07 -----Epoch 57/199-----
12-07 23:02:46 Epoch 57 Train, Loss: 17.52

12-07 23:02:47 -----Epoch 58/199-----
12-07 23:03:26 Epoch 58 Train, Loss: 17.83

12-07 23:03:27 -----Epoch 59/199-----
12-07 23:04:06 Epoch 59 Train, Loss: 17.27

12-07 23:04:12 Epoch 59 Val, MSE: 19.77 MAE: 12.44, ACP: 0.42, Cost 5.0 sec
12-07 23:04:12 best mse 13.49 mae 8.06, acp 0.70
12-07 23:04:12 -----Epoch 60/199-----
12-07 23:04:51 Epoch 60 Train, Loss: 17.14

12-07 23:04:52 -----Epoch 61/199-----
12-07 23:05:30 Epoch 61 Train, Loss: 16.65

12-07 23:05:31 -----Epoch 62/199-----
12-07 23:06:10 Epoch 62 Train, Loss: 16.90

12-07 23:06:11 -----Epoch 63/199-----
12-07 23:06:50 Epoch 63 Train, Loss: 16.88

12-07 23:06:51 -----Epoch 64/199-----
12-07 23:07:30 Epoch 64 Train, Loss: 17.36

12-07 23:07:35 Epoch 64 Val, MSE: 13.97 MAE: 8.54, ACP: 0.56, Cost 4.9 sec
12-07 23:07:35 best mse 13.49 mae 8.06, acp 0.70
12-07 23:07:35 -----Epoch 65/199-----
12-07 23:08:14 Epoch 65 Train, Loss: 16.78

12-07 23:08:15 -----Epoch 66/199-----
12-07 23:08:54 Epoch 66 Train, Loss: 17.15

12-07 23:08:55 -----Epoch 67/199-----
12-07 23:09:34 Epoch 67 Train, Loss: 17.22

12-07 23:09:34 -----Epoch 68/199-----
12-07 23:10:13 Epoch 68 Train, Loss: 17.06

12-07 23:10:14 -----Epoch 69/199-----
12-07 23:10:53 Epoch 69 Train, Loss: 16.35

12-07 23:10:58 Epoch 69 Val, MSE: 21.11 MAE: 13.85, ACP: 0.44, Cost 4.9 sec
12-07 23:10:58 best mse 13.49 mae 8.06, acp 0.70
12-07 23:10:58 -----Epoch 70/199-----
12-07 23:11:38 Epoch 70 Train, Loss: 16.10

12-07 23:11:38 -----Epoch 71/199-----
12-07 23:12:17 Epoch 71 Train, Loss: 16.33

12-07 23:12:18 -----Epoch 72/199-----
12-07 23:12:57 Epoch 72 Train, Loss: 16.45

12-07 23:12:57 -----Epoch 73/199-----
12-07 23:13:36 Epoch 73 Train, Loss: 15.92

12-07 23:13:37 -----Epoch 74/199-----
12-07 23:14:16 Epoch 74 Train, Loss: 16.11

12-07 23:14:22 Epoch 74 Val, MSE: 12.81 MAE: 7.09, ACP: 0.66, Cost 4.9 sec
12-07 23:14:22 best mse 13.49 mae 8.06, acp 0.70
12-07 23:14:22 save best mse 12.81 mae 7.09 acp 0.66, model epoch 74
12-07 23:14:22 -----Epoch 75/199-----
12-07 23:15:01 Epoch 75 Train, Loss: 16.43

12-07 23:15:02 -----Epoch 76/199-----
12-07 23:15:41 Epoch 76 Train, Loss: 16.82

12-07 23:15:42 -----Epoch 77/199-----
12-07 23:16:20 Epoch 77 Train, Loss: 16.04

12-07 23:16:21 -----Epoch 78/199-----
12-07 23:17:00 Epoch 78 Train, Loss: 16.25

12-07 23:17:01 -----Epoch 79/199-----
12-07 23:17:40 Epoch 79 Train, Loss: 15.44

12-07 23:17:45 Epoch 79 Val, MSE: 22.99 MAE: 14.73, ACP: 0.36, Cost 4.8 sec
12-07 23:17:45 best mse 12.81 mae 7.09, acp 0.66
12-07 23:17:45 -----Epoch 80/199-----
12-07 23:18:24 Epoch 80 Train, Loss: 15.50

12-07 23:18:25 -----Epoch 81/199-----
12-07 23:19:04 Epoch 81 Train, Loss: 15.60

12-07 23:19:05 -----Epoch 82/199-----
12-07 23:19:44 Epoch 82 Train, Loss: 15.63

12-07 23:19:44 -----Epoch 83/199-----
12-07 23:20:23 Epoch 83 Train, Loss: 15.45

12-07 23:20:24 -----Epoch 84/199-----
12-07 23:21:03 Epoch 84 Train, Loss: 15.37

12-07 23:21:09 Epoch 84 Val, MSE: 17.37 MAE: 12.41, ACP: 0.38, Cost 4.9 sec
12-07 23:21:09 best mse 12.81 mae 7.09, acp 0.66
12-07 23:21:09 -----Epoch 85/199-----
12-07 23:21:48 Epoch 85 Train, Loss: 16.02

12-07 23:21:48 -----Epoch 86/199-----
12-07 23:22:27 Epoch 86 Train, Loss: 15.84

12-07 23:22:28 -----Epoch 87/199-----
12-07 23:23:07 Epoch 87 Train, Loss: 15.85

12-07 23:23:08 -----Epoch 88/199-----
12-07 23:23:47 Epoch 88 Train, Loss: 15.94

12-07 23:23:47 -----Epoch 89/199-----
12-07 23:24:26 Epoch 89 Train, Loss: 15.82

12-07 23:24:32 Epoch 89 Val, MSE: 20.08 MAE: 12.91, ACP: 0.42, Cost 4.9 sec
12-07 23:24:32 best mse 12.81 mae 7.09, acp 0.66
12-07 23:24:32 -----Epoch 90/199-----
12-07 23:25:11 Epoch 90 Train, Loss: 15.54

12-07 23:25:12 -----Epoch 91/199-----
12-07 23:25:50 Epoch 91 Train, Loss: 15.97

12-07 23:25:51 -----Epoch 92/199-----
12-07 23:26:30 Epoch 92 Train, Loss: 15.28

12-07 23:26:31 -----Epoch 93/199-----
12-07 23:27:10 Epoch 93 Train, Loss: 16.12

12-07 23:27:10 -----Epoch 94/199-----
12-07 23:27:49 Epoch 94 Train, Loss: 15.15

12-07 23:27:55 Epoch 94 Val, MSE: 14.19 MAE: 8.27, ACP: 0.62, Cost 4.9 sec
12-07 23:27:55 best mse 12.81 mae 7.09, acp 0.66
12-07 23:27:55 -----Epoch 95/199-----
12-07 23:28:34 Epoch 95 Train, Loss: 15.50

12-07 23:28:35 -----Epoch 96/199-----
12-07 23:29:14 Epoch 96 Train, Loss: 15.96

12-07 23:29:14 -----Epoch 97/199-----
12-07 23:29:53 Epoch 97 Train, Loss: 15.34

12-07 23:29:54 -----Epoch 98/199-----
12-07 23:30:33 Epoch 98 Train, Loss: 15.64

12-07 23:30:34 -----Epoch 99/199-----
12-07 23:31:13 Epoch 99 Train, Loss: 15.27

12-07 23:31:18 Epoch 99 Val, MSE: 14.15 MAE: 8.75, ACP: 0.60, Cost 4.9 sec
12-07 23:31:18 best mse 12.81 mae 7.09, acp 0.66
12-07 23:31:18 -----Epoch 100/199-----
12-07 23:31:57 Epoch 100 Train, Loss: 14.96

12-07 23:31:58 -----Epoch 101/199-----
12-07 23:32:37 Epoch 101 Train, Loss: 14.93

12-07 23:32:38 -----Epoch 102/199-----
12-07 23:33:17 Epoch 102 Train, Loss: 15.31

12-07 23:33:18 -----Epoch 103/199-----
12-07 23:33:56 Epoch 103 Train, Loss: 15.24

12-07 23:33:57 -----Epoch 104/199-----
12-07 23:34:36 Epoch 104 Train, Loss: 15.34

12-07 23:34:42 Epoch 104 Val, MSE: 14.12 MAE: 8.81, ACP: 0.58, Cost 4.9 sec
12-07 23:34:42 best mse 12.81 mae 7.09, acp 0.66
12-07 23:34:42 -----Epoch 105/199-----
12-07 23:35:21 Epoch 105 Train, Loss: 15.50

12-07 23:35:22 -----Epoch 106/199-----
12-07 23:36:00 Epoch 106 Train, Loss: 14.99

12-07 23:36:01 -----Epoch 107/199-----
12-07 23:36:40 Epoch 107 Train, Loss: 14.96

12-07 23:36:41 -----Epoch 108/199-----
12-07 23:37:20 Epoch 108 Train, Loss: 15.03

12-07 23:37:20 -----Epoch 109/199-----
12-07 23:37:59 Epoch 109 Train, Loss: 14.78

12-07 23:38:05 Epoch 109 Val, MSE: 16.95 MAE: 10.61, ACP: 0.56, Cost 4.9 sec
12-07 23:38:05 best mse 12.81 mae 7.09, acp 0.66
12-07 23:38:05 -----Epoch 110/199-----
12-07 23:38:44 Epoch 110 Train, Loss: 14.59

12-07 23:38:45 -----Epoch 111/199-----
12-07 23:39:24 Epoch 111 Train, Loss: 15.27

12-07 23:39:25 -----Epoch 112/199-----
12-07 23:40:03 Epoch 112 Train, Loss: 14.69

12-07 23:40:04 -----Epoch 113/199-----
12-07 23:40:43 Epoch 113 Train, Loss: 14.60

12-07 23:40:44 -----Epoch 114/199-----
12-07 23:41:23 Epoch 114 Train, Loss: 14.67

12-07 23:41:28 Epoch 114 Val, MSE: 20.43 MAE: 13.35, ACP: 0.46, Cost 4.9 sec
12-07 23:41:28 best mse 12.81 mae 7.09, acp 0.66
12-07 23:41:28 -----Epoch 115/199-----
12-07 23:42:07 Epoch 115 Train, Loss: 14.32

12-07 23:42:08 -----Epoch 116/199-----
12-07 23:42:47 Epoch 116 Train, Loss: 14.36

12-07 23:42:48 -----Epoch 117/199-----
12-07 23:43:27 Epoch 117 Train, Loss: 14.52

12-07 23:43:27 -----Epoch 118/199-----
12-07 23:44:06 Epoch 118 Train, Loss: 14.69

12-07 23:44:07 -----Epoch 119/199-----
12-07 23:44:46 Epoch 119 Train, Loss: 14.23

12-07 23:44:51 Epoch 119 Val, MSE: 16.13 MAE: 11.52, ACP: 0.28, Cost 4.8 sec
12-07 23:44:51 best mse 12.81 mae 7.09, acp 0.66
12-07 23:44:51 -----Epoch 120/199-----
12-07 23:45:30 Epoch 120 Train, Loss: 14.66

12-07 23:45:31 -----Epoch 121/199-----
12-07 23:46:10 Epoch 121 Train, Loss: 14.47

12-07 23:46:11 -----Epoch 122/199-----
12-07 23:46:49 Epoch 122 Train, Loss: 14.79

12-07 23:46:50 -----Epoch 123/199-----
12-07 23:47:29 Epoch 123 Train, Loss: 14.65

12-07 23:47:30 -----Epoch 124/199-----
12-07 23:48:09 Epoch 124 Train, Loss: 14.60

12-07 23:48:14 Epoch 124 Val, MSE: 15.35 MAE: 9.69, ACP: 0.58, Cost 4.9 sec
12-07 23:48:14 best mse 12.81 mae 7.09, acp 0.66
12-07 23:48:14 -----Epoch 125/199-----
12-07 23:48:54 Epoch 125 Train, Loss: 14.30

12-07 23:48:54 -----Epoch 126/199-----
12-07 23:49:33 Epoch 126 Train, Loss: 14.18

12-07 23:49:34 -----Epoch 127/199-----
12-07 23:50:13 Epoch 127 Train, Loss: 14.48

12-07 23:50:13 -----Epoch 128/199-----
12-07 23:50:52 Epoch 128 Train, Loss: 14.17

12-07 23:50:53 -----Epoch 129/199-----
12-07 23:51:32 Epoch 129 Train, Loss: 13.96

12-07 23:51:38 Epoch 129 Val, MSE: 27.61 MAE: 17.19, ACP: 0.38, Cost 4.9 sec
12-07 23:51:38 best mse 12.81 mae 7.09, acp 0.66
12-07 23:51:38 -----Epoch 130/199-----
12-07 23:52:17 Epoch 130 Train, Loss: 14.13

12-07 23:52:18 -----Epoch 131/199-----
12-07 23:52:56 Epoch 131 Train, Loss: 13.98

12-07 23:52:57 -----Epoch 132/199-----
12-07 23:53:36 Epoch 132 Train, Loss: 14.33

12-07 23:53:37 -----Epoch 133/199-----
12-07 23:54:16 Epoch 133 Train, Loss: 14.36

12-07 23:54:16 -----Epoch 134/199-----
12-07 23:54:55 Epoch 134 Train, Loss: 14.02

12-07 23:55:01 Epoch 134 Val, MSE: 20.88 MAE: 13.88, ACP: 0.38, Cost 4.9 sec
12-07 23:55:01 best mse 12.81 mae 7.09, acp 0.66
12-07 23:55:01 -----Epoch 135/199-----
12-07 23:55:40 Epoch 135 Train, Loss: 13.63

12-07 23:55:41 -----Epoch 136/199-----
12-07 23:56:20 Epoch 136 Train, Loss: 14.01

12-07 23:56:20 -----Epoch 137/199-----
12-07 23:56:59 Epoch 137 Train, Loss: 13.66

12-07 23:57:00 -----Epoch 138/199-----
12-07 23:57:39 Epoch 138 Train, Loss: 13.79

12-07 23:57:40 -----Epoch 139/199-----
12-07 23:58:19 Epoch 139 Train, Loss: 13.67

12-07 23:58:24 Epoch 139 Val, MSE: 13.22 MAE: 7.47, ACP: 0.62, Cost 5.0 sec
12-07 23:58:24 best mse 12.81 mae 7.09, acp 0.66
12-07 23:58:24 -----Epoch 140/199-----
12-07 23:59:04 Epoch 140 Train, Loss: 13.42

12-07 23:59:04 -----Epoch 141/199-----
12-07 23:59:43 Epoch 141 Train, Loss: 13.99

12-07 23:59:44 -----Epoch 142/199-----
12-08 00:00:23 Epoch 142 Train, Loss: 14.05

12-08 00:00:24 -----Epoch 143/199-----
12-08 00:01:03 Epoch 143 Train, Loss: 13.82

12-08 00:01:03 -----Epoch 144/199-----
12-08 00:01:42 Epoch 144 Train, Loss: 13.83

12-08 00:01:48 Epoch 144 Val, MSE: 15.30 MAE: 9.82, ACP: 0.44, Cost 5.0 sec
12-08 00:01:48 best mse 12.81 mae 7.09, acp 0.66
12-08 00:01:48 -----Epoch 145/199-----
12-08 00:02:27 Epoch 145 Train, Loss: 14.07

12-08 00:02:28 -----Epoch 146/199-----
12-08 00:03:07 Epoch 146 Train, Loss: 13.67

12-08 00:03:07 -----Epoch 147/199-----
12-08 00:03:46 Epoch 147 Train, Loss: 13.47

12-08 00:03:47 -----Epoch 148/199-----
12-08 00:04:26 Epoch 148 Train, Loss: 13.43

12-08 00:04:27 -----Epoch 149/199-----
12-08 00:05:05 Epoch 149 Train, Loss: 14.04

12-08 00:05:11 Epoch 149 Val, MSE: 14.58 MAE: 9.38, ACP: 0.56, Cost 5.0 sec
12-08 00:05:11 best mse 12.81 mae 7.09, acp 0.66
12-08 00:05:11 -----Epoch 150/199-----
12-08 00:05:50 Epoch 150 Train, Loss: 13.51

12-08 00:05:51 -----Epoch 151/199-----
12-08 00:06:30 Epoch 151 Train, Loss: 13.26

12-08 00:06:31 -----Epoch 152/199-----
12-08 00:07:09 Epoch 152 Train, Loss: 13.14

12-08 00:07:10 -----Epoch 153/199-----
12-08 00:07:49 Epoch 153 Train, Loss: 13.08

12-08 00:07:50 -----Epoch 154/199-----
12-08 00:08:29 Epoch 154 Train, Loss: 12.97

12-08 00:08:34 Epoch 154 Val, MSE: 14.43 MAE: 9.77, ACP: 0.42, Cost 4.9 sec
12-08 00:08:34 best mse 12.81 mae 7.09, acp 0.66
12-08 00:08:34 -----Epoch 155/199-----
12-08 00:09:13 Epoch 155 Train, Loss: 13.13

12-08 00:09:14 -----Epoch 156/199-----
12-08 00:09:53 Epoch 156 Train, Loss: 13.23

12-08 00:09:54 -----Epoch 157/199-----
12-08 00:10:33 Epoch 157 Train, Loss: 13.31

12-08 00:10:33 -----Epoch 158/199-----
12-08 00:11:12 Epoch 158 Train, Loss: 13.21

12-08 00:11:13 -----Epoch 159/199-----
12-08 00:11:52 Epoch 159 Train, Loss: 13.04

12-08 00:11:58 Epoch 159 Val, MSE: 16.03 MAE: 10.47, ACP: 0.44, Cost 5.0 sec
12-08 00:11:58 best mse 12.81 mae 7.09, acp 0.66
12-08 00:11:58 -----Epoch 160/199-----
12-08 00:12:37 Epoch 160 Train, Loss: 13.08

12-08 00:12:38 -----Epoch 161/199-----
12-08 00:13:16 Epoch 161 Train, Loss: 13.14

12-08 00:13:17 -----Epoch 162/199-----
12-08 00:13:56 Epoch 162 Train, Loss: 13.02

12-08 00:13:57 -----Epoch 163/199-----
12-08 00:14:36 Epoch 163 Train, Loss: 13.04

12-08 00:14:36 -----Epoch 164/199-----
12-08 00:15:15 Epoch 164 Train, Loss: 14.00

12-08 00:15:21 Epoch 164 Val, MSE: 31.41 MAE: 21.41, ACP: 0.16, Cost 4.9 sec
12-08 00:15:21 best mse 12.81 mae 7.09, acp 0.66
12-08 00:15:21 -----Epoch 165/199-----
12-08 00:16:00 Epoch 165 Train, Loss: 13.11

12-08 00:16:01 -----Epoch 166/199-----
12-08 00:16:40 Epoch 166 Train, Loss: 13.00

12-08 00:16:40 -----Epoch 167/199-----
12-08 00:17:19 Epoch 167 Train, Loss: 12.79

12-08 00:17:20 -----Epoch 168/199-----
12-08 00:17:59 Epoch 168 Train, Loss: 12.93

12-08 00:18:00 -----Epoch 169/199-----
12-08 00:18:39 Epoch 169 Train, Loss: 13.00

12-08 00:18:44 Epoch 169 Val, MSE: 14.47 MAE: 9.77, ACP: 0.44, Cost 4.9 sec
12-08 00:18:44 best mse 12.81 mae 7.09, acp 0.66
12-08 00:18:44 -----Epoch 170/199-----
12-08 00:19:23 Epoch 170 Train, Loss: 12.89

12-08 00:19:24 -----Epoch 171/199-----
12-08 00:20:03 Epoch 171 Train, Loss: 12.92

12-08 00:20:04 -----Epoch 172/199-----
12-08 00:20:43 Epoch 172 Train, Loss: 12.99

12-08 00:20:43 -----Epoch 173/199-----
12-08 00:21:22 Epoch 173 Train, Loss: 12.75

12-08 00:21:23 -----Epoch 174/199-----
12-08 00:22:02 Epoch 174 Train, Loss: 12.68

12-08 00:22:08 Epoch 174 Val, MSE: 13.72 MAE: 8.38, ACP: 0.56, Cost 4.9 sec
12-08 00:22:08 best mse 12.81 mae 7.09, acp 0.66
12-08 00:22:08 -----Epoch 175/199-----
12-08 00:22:47 Epoch 175 Train, Loss: 12.96

12-08 00:22:48 -----Epoch 176/199-----
12-08 00:23:26 Epoch 176 Train, Loss: 12.68

12-08 00:23:27 -----Epoch 177/199-----
12-08 00:24:06 Epoch 177 Train, Loss: 12.96

12-08 00:24:07 -----Epoch 178/199-----
12-08 00:24:46 Epoch 178 Train, Loss: 12.85

12-08 00:24:46 -----Epoch 179/199-----
12-08 00:25:25 Epoch 179 Train, Loss: 12.79

12-08 00:25:31 Epoch 179 Val, MSE: 21.63 MAE: 14.93, ACP: 0.32, Cost 5.0 sec
12-08 00:25:31 best mse 12.81 mae 7.09, acp 0.66
12-08 00:25:31 -----Epoch 180/199-----
12-08 00:26:10 Epoch 180 Train, Loss: 12.89

12-08 00:26:11 -----Epoch 181/199-----
12-08 00:26:50 Epoch 181 Train, Loss: 12.70

12-08 00:26:51 -----Epoch 182/199-----
12-08 00:27:30 Epoch 182 Train, Loss: 13.28

12-08 00:27:30 -----Epoch 183/199-----
12-08 00:28:09 Epoch 183 Train, Loss: 12.54

12-08 00:28:10 -----Epoch 184/199-----
12-08 00:28:49 Epoch 184 Train, Loss: 12.71

12-08 00:28:55 Epoch 184 Val, MSE: 13.21 MAE: 7.29, ACP: 0.62, Cost 5.0 sec
12-08 00:28:55 best mse 12.81 mae 7.09, acp 0.66
12-08 00:28:55 -----Epoch 185/199-----
12-08 00:29:34 Epoch 185 Train, Loss: 12.45

12-08 00:29:35 -----Epoch 186/199-----
12-08 00:30:13 Epoch 186 Train, Loss: 12.81

12-08 00:30:14 -----Epoch 187/199-----
12-08 00:30:53 Epoch 187 Train, Loss: 12.62

12-08 00:30:54 -----Epoch 188/199-----
12-08 00:31:33 Epoch 188 Train, Loss: 12.63

12-08 00:31:33 -----Epoch 189/199-----
12-08 00:32:12 Epoch 189 Train, Loss: 12.60

12-08 00:32:18 Epoch 189 Val, MSE: 18.82 MAE: 12.79, ACP: 0.42, Cost 5.0 sec
12-08 00:32:18 best mse 12.81 mae 7.09, acp 0.66
12-08 00:32:18 -----Epoch 190/199-----
12-08 00:32:57 Epoch 190 Train, Loss: 12.54

12-08 00:32:58 -----Epoch 191/199-----
12-08 00:33:37 Epoch 191 Train, Loss: 12.53

12-08 00:33:38 -----Epoch 192/199-----
12-08 00:34:17 Epoch 192 Train, Loss: 12.57

12-08 00:34:17 -----Epoch 193/199-----
12-08 00:34:56 Epoch 193 Train, Loss: 12.43

12-08 00:34:57 -----Epoch 194/199-----
12-08 00:35:36 Epoch 194 Train, Loss: 13.02

12-08 00:35:42 Epoch 194 Val, MSE: 14.52 MAE: 9.05, ACP: 0.58, Cost 5.0 sec
12-08 00:35:42 best mse 12.81 mae 7.09, acp 0.66
12-08 00:35:42 -----Epoch 195/199-----
12-08 00:36:21 Epoch 195 Train, Loss: 12.68

12-08 00:36:22 -----Epoch 196/199-----
12-08 00:37:01 Epoch 196 Train, Loss: 12.34

12-08 00:37:01 -----Epoch 197/199-----
12-08 00:37:40 Epoch 197 Train, Loss: 12.48

12-08 00:37:41 -----Epoch 198/199-----
12-08 00:38:20 Epoch 198 Train, Loss: 12.33

12-08 00:38:21 -----Epoch 199/199-----
12-08 00:38:53 Epoch 199 Train, Loss: 12.58

12-08 00:38:56 Epoch 199 Val, MSE: 31.39 MAE: 18.65, ACP: 0.34, Cost 2.7 sec
12-08 00:38:56 best mse 12.81 mae 7.09, acp 0.66
12-08 00:38:56 Best mse 12.81 mae 7.09 acp 0.66
