12-07 22:23:26 model_name: vgg19_trans
12-07 22:23:26 data_dir: cell_Train_Val_Test_v2_1
12-07 22:23:26 save_dir: model_v2_1
12-07 22:23:26 save_all: False
12-07 22:23:26 lr: 4.9999999999999996e-06
12-07 22:23:26 weight_decay: 1e-05
12-07 22:23:26 resume: 
12-07 22:23:26 max_model_num: 1
12-07 22:23:26 max_epoch: 200
12-07 22:23:26 val_epoch: 5
12-07 22:23:26 val_start: 10
12-07 22:23:26 batch_size: 4
12-07 22:23:26 device: 0
12-07 22:23:26 num_workers: 4
12-07 22:23:26 is_gray: False
12-07 22:23:26 crop_size: 512
12-07 22:23:26 downsample_ratio: 16
12-07 22:23:26 use_background: True
12-07 22:23:26 sigma: 8.0
12-07 22:23:26 background_ratio: 0.15
12-07 22:23:26 using 1 gpus
12-07 22:23:28 -----Epoch 0/199-----
12-07 22:24:06 Epoch 0 Train, Loss: 63.66

12-07 22:24:07 -----Epoch 1/199-----
12-07 22:24:46 Epoch 1 Train, Loss: 40.26

12-07 22:24:46 -----Epoch 2/199-----
12-07 22:25:25 Epoch 2 Train, Loss: 35.02

12-07 22:25:26 -----Epoch 3/199-----
12-07 22:26:05 Epoch 3 Train, Loss: 32.71

12-07 22:26:06 -----Epoch 4/199-----
12-07 22:26:45 Epoch 4 Train, Loss: 28.74

12-07 22:26:45 -----Epoch 5/199-----
12-07 22:27:24 Epoch 5 Train, Loss: 27.28

12-07 22:27:25 -----Epoch 6/199-----
12-07 22:28:04 Epoch 6 Train, Loss: 26.57

12-07 22:28:05 -----Epoch 7/199-----
12-07 22:28:44 Epoch 7 Train, Loss: 24.91

12-07 22:28:44 -----Epoch 8/199-----
12-07 22:29:23 Epoch 8 Train, Loss: 25.53

12-07 22:29:24 -----Epoch 9/199-----
12-07 22:30:03 Epoch 9 Train, Loss: 23.97

12-07 22:30:10 Epoch 9 Val, MSE: 24.19 MAE: 13.33, ACP: 0.48, Cost 6.8 sec
12-07 22:30:10 best mse inf mae inf, acp inf
12-07 22:30:10 save best mse 24.19 mae 13.33 acp 0.48, model epoch 9
12-07 22:30:10 -----Epoch 10/199-----
12-07 22:30:49 Epoch 10 Train, Loss: 23.75

12-07 22:30:49 -----Epoch 11/199-----
12-07 22:31:28 Epoch 11 Train, Loss: 23.13

12-07 22:31:29 -----Epoch 12/199-----
12-07 22:32:08 Epoch 12 Train, Loss: 22.48

12-07 22:32:09 -----Epoch 13/199-----
12-07 22:32:48 Epoch 13 Train, Loss: 22.04

12-07 22:32:48 -----Epoch 14/199-----
12-07 22:33:27 Epoch 14 Train, Loss: 21.50

12-07 22:33:33 Epoch 14 Val, MSE: 20.86 MAE: 12.38, ACP: 0.46, Cost 5.0 sec
12-07 22:33:33 best mse 24.19 mae 13.33, acp 0.48
12-07 22:33:33 save best mse 20.86 mae 12.38 acp 0.46, model epoch 14
12-07 22:33:33 -----Epoch 15/199-----
12-07 22:34:12 Epoch 15 Train, Loss: 21.63

12-07 22:34:13 -----Epoch 16/199-----
12-07 22:34:52 Epoch 16 Train, Loss: 21.09

12-07 22:34:53 -----Epoch 17/199-----
12-07 22:35:32 Epoch 17 Train, Loss: 21.26

12-07 22:35:32 -----Epoch 18/199-----
12-07 22:36:11 Epoch 18 Train, Loss: 20.37

12-07 22:36:12 -----Epoch 19/199-----
12-07 22:36:51 Epoch 19 Train, Loss: 19.76

12-07 22:36:57 Epoch 19 Val, MSE: 22.00 MAE: 13.66, ACP: 0.32, Cost 5.1 sec
12-07 22:36:57 best mse 20.86 mae 12.38, acp 0.46
12-07 22:36:57 -----Epoch 20/199-----
12-07 22:37:36 Epoch 20 Train, Loss: 20.36

12-07 22:37:37 -----Epoch 21/199-----
12-07 22:38:15 Epoch 21 Train, Loss: 20.29

12-07 22:38:16 -----Epoch 22/199-----
12-07 22:38:55 Epoch 22 Train, Loss: 20.41

12-07 22:38:56 -----Epoch 23/199-----
12-07 22:39:35 Epoch 23 Train, Loss: 19.80

12-07 22:39:36 -----Epoch 24/199-----
12-07 22:40:15 Epoch 24 Train, Loss: 19.27

12-07 22:40:20 Epoch 24 Val, MSE: 34.32 MAE: 18.41, ACP: 0.26, Cost 5.1 sec
12-07 22:40:20 best mse 20.86 mae 12.38, acp 0.46
12-07 22:40:20 -----Epoch 25/199-----
12-07 22:40:59 Epoch 25 Train, Loss: 19.81

12-07 22:41:00 -----Epoch 26/199-----
12-07 22:41:39 Epoch 26 Train, Loss: 19.46

12-07 22:41:40 -----Epoch 27/199-----
12-07 22:42:19 Epoch 27 Train, Loss: 19.33

12-07 22:42:20 -----Epoch 28/199-----
12-07 22:42:59 Epoch 28 Train, Loss: 18.92

12-07 22:43:00 -----Epoch 29/199-----
12-07 22:43:39 Epoch 29 Train, Loss: 18.85

12-07 22:43:45 Epoch 29 Val, MSE: 27.33 MAE: 14.87, ACP: 0.50, Cost 5.1 sec
12-07 22:43:45 best mse 20.86 mae 12.38, acp 0.46
12-07 22:43:45 -----Epoch 30/199-----
12-07 22:44:24 Epoch 30 Train, Loss: 19.14

12-07 22:44:25 -----Epoch 31/199-----
12-07 22:45:04 Epoch 31 Train, Loss: 18.85

12-07 22:45:04 -----Epoch 32/199-----
12-07 22:45:44 Epoch 32 Train, Loss: 18.15

12-07 22:45:44 -----Epoch 33/199-----
12-07 22:46:23 Epoch 33 Train, Loss: 18.43

12-07 22:46:24 -----Epoch 34/199-----
12-07 22:47:03 Epoch 34 Train, Loss: 18.58

12-07 22:47:09 Epoch 34 Val, MSE: 36.59 MAE: 19.95, ACP: 0.18, Cost 5.1 sec
12-07 22:47:09 best mse 20.86 mae 12.38, acp 0.46
12-07 22:47:09 -----Epoch 35/199-----
12-07 22:47:48 Epoch 35 Train, Loss: 18.67

12-07 22:47:49 -----Epoch 36/199-----
12-07 22:48:28 Epoch 36 Train, Loss: 20.00

12-07 22:48:29 -----Epoch 37/199-----
12-07 22:49:08 Epoch 37 Train, Loss: 17.81

12-07 22:49:09 -----Epoch 38/199-----
12-07 22:49:48 Epoch 38 Train, Loss: 18.24

12-07 22:49:49 -----Epoch 39/199-----
12-07 22:50:28 Epoch 39 Train, Loss: 17.55

12-07 22:50:34 Epoch 39 Val, MSE: 21.38 MAE: 12.13, ACP: 0.38, Cost 4.9 sec
12-07 22:50:34 best mse 20.86 mae 12.38, acp 0.46
12-07 22:50:34 -----Epoch 40/199-----
12-07 22:51:13 Epoch 40 Train, Loss: 17.55

12-07 22:51:14 -----Epoch 41/199-----
12-07 22:51:53 Epoch 41 Train, Loss: 17.44

12-07 22:51:54 -----Epoch 42/199-----
12-07 22:52:33 Epoch 42 Train, Loss: 17.54

12-07 22:52:33 -----Epoch 43/199-----
12-07 22:53:13 Epoch 43 Train, Loss: 17.34

12-07 22:53:13 -----Epoch 44/199-----
12-07 22:53:53 Epoch 44 Train, Loss: 17.09

12-07 22:53:58 Epoch 44 Val, MSE: 34.34 MAE: 17.39, ACP: 0.42, Cost 4.9 sec
12-07 22:53:58 best mse 20.86 mae 12.38, acp 0.46
12-07 22:53:58 -----Epoch 45/199-----
12-07 22:54:38 Epoch 45 Train, Loss: 17.85

12-07 22:54:38 -----Epoch 46/199-----
12-07 22:55:18 Epoch 46 Train, Loss: 17.14

12-07 22:55:18 -----Epoch 47/199-----
12-07 22:55:57 Epoch 47 Train, Loss: 17.06

12-07 22:55:58 -----Epoch 48/199-----
12-07 22:56:37 Epoch 48 Train, Loss: 16.80

12-07 22:56:38 -----Epoch 49/199-----
12-07 22:57:17 Epoch 49 Train, Loss: 16.71

12-07 22:57:22 Epoch 49 Val, MSE: 28.08 MAE: 15.81, ACP: 0.24, Cost 4.9 sec
12-07 22:57:22 best mse 20.86 mae 12.38, acp 0.46
12-07 22:57:22 -----Epoch 50/199-----
12-07 22:58:02 Epoch 50 Train, Loss: 16.96

12-07 22:58:02 -----Epoch 51/199-----
12-07 22:58:41 Epoch 51 Train, Loss: 16.74

12-07 22:58:42 -----Epoch 52/199-----
12-07 22:59:21 Epoch 52 Train, Loss: 16.51

12-07 22:59:21 -----Epoch 53/199-----
12-07 23:00:00 Epoch 53 Train, Loss: 16.54

12-07 23:00:01 -----Epoch 54/199-----
12-07 23:00:40 Epoch 54 Train, Loss: 16.59

12-07 23:00:45 Epoch 54 Val, MSE: 37.60 MAE: 19.89, ACP: 0.16, Cost 4.6 sec
12-07 23:00:45 best mse 20.86 mae 12.38, acp 0.46
12-07 23:00:45 -----Epoch 55/199-----
12-07 23:01:24 Epoch 55 Train, Loss: 16.77

12-07 23:01:25 -----Epoch 56/199-----
12-07 23:02:04 Epoch 56 Train, Loss: 16.43

12-07 23:02:04 -----Epoch 57/199-----
12-07 23:02:43 Epoch 57 Train, Loss: 16.22

12-07 23:02:44 -----Epoch 58/199-----
12-07 23:03:23 Epoch 58 Train, Loss: 16.46

12-07 23:03:23 -----Epoch 59/199-----
12-07 23:04:02 Epoch 59 Train, Loss: 16.61

12-07 23:04:08 Epoch 59 Val, MSE: 41.49 MAE: 20.48, ACP: 0.26, Cost 4.7 sec
12-07 23:04:08 best mse 20.86 mae 12.38, acp 0.46
12-07 23:04:08 -----Epoch 60/199-----
12-07 23:04:47 Epoch 60 Train, Loss: 16.33

12-07 23:04:48 -----Epoch 61/199-----
12-07 23:05:27 Epoch 61 Train, Loss: 16.19

12-07 23:05:27 -----Epoch 62/199-----
12-07 23:06:06 Epoch 62 Train, Loss: 16.67

12-07 23:06:07 -----Epoch 63/199-----
12-07 23:06:46 Epoch 63 Train, Loss: 16.15

12-07 23:06:46 -----Epoch 64/199-----
12-07 23:07:25 Epoch 64 Train, Loss: 15.76

12-07 23:07:31 Epoch 64 Val, MSE: 22.06 MAE: 11.09, ACP: 0.44, Cost 4.8 sec
12-07 23:07:31 best mse 20.86 mae 12.38, acp 0.46
12-07 23:07:31 -----Epoch 65/199-----
12-07 23:08:10 Epoch 65 Train, Loss: 16.17

12-07 23:08:11 -----Epoch 66/199-----
12-07 23:08:50 Epoch 66 Train, Loss: 16.17

12-07 23:08:50 -----Epoch 67/199-----
12-07 23:09:29 Epoch 67 Train, Loss: 15.65

12-07 23:09:30 -----Epoch 68/199-----
12-07 23:10:09 Epoch 68 Train, Loss: 15.65

12-07 23:10:10 -----Epoch 69/199-----
12-07 23:10:49 Epoch 69 Train, Loss: 15.56

12-07 23:10:54 Epoch 69 Val, MSE: 24.59 MAE: 12.52, ACP: 0.50, Cost 4.9 sec
12-07 23:10:54 best mse 20.86 mae 12.38, acp 0.46
12-07 23:10:54 -----Epoch 70/199-----
12-07 23:11:34 Epoch 70 Train, Loss: 15.85

12-07 23:11:34 -----Epoch 71/199-----
12-07 23:12:13 Epoch 71 Train, Loss: 15.51

12-07 23:12:14 -----Epoch 72/199-----
12-07 23:12:53 Epoch 72 Train, Loss: 15.55

12-07 23:12:54 -----Epoch 73/199-----
12-07 23:13:32 Epoch 73 Train, Loss: 15.49

12-07 23:13:33 -----Epoch 74/199-----
12-07 23:14:12 Epoch 74 Train, Loss: 15.37

12-07 23:14:18 Epoch 74 Val, MSE: 38.84 MAE: 21.10, ACP: 0.20, Cost 4.8 sec
12-07 23:14:18 best mse 20.86 mae 12.38, acp 0.46
12-07 23:14:18 -----Epoch 75/199-----
12-07 23:14:57 Epoch 75 Train, Loss: 15.49

12-07 23:14:58 -----Epoch 76/199-----
12-07 23:15:37 Epoch 76 Train, Loss: 15.44

12-07 23:15:37 -----Epoch 77/199-----
12-07 23:16:16 Epoch 77 Train, Loss: 15.22

12-07 23:16:17 -----Epoch 78/199-----
12-07 23:16:56 Epoch 78 Train, Loss: 15.32

12-07 23:16:56 -----Epoch 79/199-----
12-07 23:17:35 Epoch 79 Train, Loss: 14.99

12-07 23:17:41 Epoch 79 Val, MSE: 23.90 MAE: 12.41, ACP: 0.48, Cost 4.9 sec
12-07 23:17:41 best mse 20.86 mae 12.38, acp 0.46
12-07 23:17:41 -----Epoch 80/199-----
12-07 23:18:20 Epoch 80 Train, Loss: 15.11

12-07 23:18:21 -----Epoch 81/199-----
12-07 23:19:00 Epoch 81 Train, Loss: 15.14

12-07 23:19:01 -----Epoch 82/199-----
12-07 23:19:40 Epoch 82 Train, Loss: 15.34

12-07 23:19:40 -----Epoch 83/199-----
12-07 23:20:19 Epoch 83 Train, Loss: 14.90

12-07 23:20:20 -----Epoch 84/199-----
12-07 23:20:59 Epoch 84 Train, Loss: 15.40

12-07 23:21:05 Epoch 84 Val, MSE: 27.70 MAE: 13.43, ACP: 0.48, Cost 4.8 sec
12-07 23:21:05 best mse 20.86 mae 12.38, acp 0.46
12-07 23:21:05 -----Epoch 85/199-----
12-07 23:21:44 Epoch 85 Train, Loss: 14.84

12-07 23:21:45 -----Epoch 86/199-----
12-07 23:22:24 Epoch 86 Train, Loss: 14.94

12-07 23:22:24 -----Epoch 87/199-----
12-07 23:23:03 Epoch 87 Train, Loss: 15.02

12-07 23:23:04 -----Epoch 88/199-----
12-07 23:23:43 Epoch 88 Train, Loss: 14.91

12-07 23:23:44 -----Epoch 89/199-----
12-07 23:24:23 Epoch 89 Train, Loss: 14.63

12-07 23:24:28 Epoch 89 Val, MSE: 25.20 MAE: 12.70, ACP: 0.46, Cost 4.8 sec
12-07 23:24:28 best mse 20.86 mae 12.38, acp 0.46
12-07 23:24:28 -----Epoch 90/199-----
12-07 23:25:07 Epoch 90 Train, Loss: 15.04

12-07 23:25:08 -----Epoch 91/199-----
12-07 23:25:47 Epoch 91 Train, Loss: 14.71

12-07 23:25:48 -----Epoch 92/199-----
12-07 23:26:27 Epoch 92 Train, Loss: 14.22

12-07 23:26:27 -----Epoch 93/199-----
12-07 23:27:06 Epoch 93 Train, Loss: 14.55

12-07 23:27:07 -----Epoch 94/199-----
12-07 23:27:46 Epoch 94 Train, Loss: 14.64

12-07 23:27:52 Epoch 94 Val, MSE: 23.33 MAE: 11.54, ACP: 0.48, Cost 4.8 sec
12-07 23:27:52 best mse 20.86 mae 12.38, acp 0.46
12-07 23:27:52 -----Epoch 95/199-----
12-07 23:28:31 Epoch 95 Train, Loss: 14.54

12-07 23:28:32 -----Epoch 96/199-----
12-07 23:29:11 Epoch 96 Train, Loss: 14.50

12-07 23:29:11 -----Epoch 97/199-----
12-07 23:29:50 Epoch 97 Train, Loss: 14.88

12-07 23:29:51 -----Epoch 98/199-----
12-07 23:30:30 Epoch 98 Train, Loss: 14.23

12-07 23:30:30 -----Epoch 99/199-----
12-07 23:31:09 Epoch 99 Train, Loss: 14.49

12-07 23:31:15 Epoch 99 Val, MSE: 34.04 MAE: 17.54, ACP: 0.44, Cost 4.8 sec
12-07 23:31:15 best mse 20.86 mae 12.38, acp 0.46
12-07 23:31:15 -----Epoch 100/199-----
12-07 23:31:54 Epoch 100 Train, Loss: 13.97

12-07 23:31:55 -----Epoch 101/199-----
12-07 23:32:34 Epoch 101 Train, Loss: 14.36

12-07 23:32:35 -----Epoch 102/199-----
12-07 23:33:14 Epoch 102 Train, Loss: 14.73

12-07 23:33:14 -----Epoch 103/199-----
12-07 23:33:53 Epoch 103 Train, Loss: 14.23

12-07 23:33:54 -----Epoch 104/199-----
12-07 23:34:33 Epoch 104 Train, Loss: 14.30

12-07 23:34:38 Epoch 104 Val, MSE: 32.77 MAE: 17.55, ACP: 0.36, Cost 4.8 sec
12-07 23:34:38 best mse 20.86 mae 12.38, acp 0.46
12-07 23:34:38 -----Epoch 105/199-----
12-07 23:35:18 Epoch 105 Train, Loss: 14.12

12-07 23:35:18 -----Epoch 106/199-----
12-07 23:35:57 Epoch 106 Train, Loss: 14.33

12-07 23:35:58 -----Epoch 107/199-----
12-07 23:36:37 Epoch 107 Train, Loss: 14.38

12-07 23:36:38 -----Epoch 108/199-----
12-07 23:37:17 Epoch 108 Train, Loss: 13.91

12-07 23:37:17 -----Epoch 109/199-----
12-07 23:37:56 Epoch 109 Train, Loss: 14.22

12-07 23:38:02 Epoch 109 Val, MSE: 39.25 MAE: 20.59, ACP: 0.34, Cost 4.8 sec
12-07 23:38:02 best mse 20.86 mae 12.38, acp 0.46
12-07 23:38:02 -----Epoch 110/199-----
12-07 23:38:41 Epoch 110 Train, Loss: 13.96

12-07 23:38:42 -----Epoch 111/199-----
12-07 23:39:21 Epoch 111 Train, Loss: 14.80

12-07 23:39:21 -----Epoch 112/199-----
12-07 23:40:00 Epoch 112 Train, Loss: 14.33

12-07 23:40:01 -----Epoch 113/199-----
12-07 23:40:40 Epoch 113 Train, Loss: 13.78

12-07 23:40:41 -----Epoch 114/199-----
12-07 23:41:20 Epoch 114 Train, Loss: 13.82

12-07 23:41:25 Epoch 114 Val, MSE: 34.57 MAE: 17.86, ACP: 0.40, Cost 4.8 sec
12-07 23:41:25 best mse 20.86 mae 12.38, acp 0.46
12-07 23:41:25 -----Epoch 115/199-----
12-07 23:42:05 Epoch 115 Train, Loss: 13.92

12-07 23:42:05 -----Epoch 116/199-----
12-07 23:42:44 Epoch 116 Train, Loss: 13.56

12-07 23:42:45 -----Epoch 117/199-----
12-07 23:43:24 Epoch 117 Train, Loss: 14.01

12-07 23:43:25 -----Epoch 118/199-----
12-07 23:44:03 Epoch 118 Train, Loss: 13.82

12-07 23:44:04 -----Epoch 119/199-----
12-07 23:44:43 Epoch 119 Train, Loss: 13.70

12-07 23:44:49 Epoch 119 Val, MSE: 19.78 MAE: 9.71, ACP: 0.60, Cost 4.8 sec
12-07 23:44:49 best mse 20.86 mae 12.38, acp 0.46
12-07 23:44:49 save best mse 19.78 mae 9.71 acp 0.60, model epoch 119
12-07 23:44:49 -----Epoch 120/199-----
12-07 23:45:28 Epoch 120 Train, Loss: 13.65

12-07 23:45:29 -----Epoch 121/199-----
12-07 23:46:08 Epoch 121 Train, Loss: 13.67

12-07 23:46:09 -----Epoch 122/199-----
12-07 23:46:48 Epoch 122 Train, Loss: 13.67

12-07 23:46:48 -----Epoch 123/199-----
12-07 23:47:27 Epoch 123 Train, Loss: 13.41

12-07 23:47:28 -----Epoch 124/199-----
12-07 23:48:07 Epoch 124 Train, Loss: 13.40

12-07 23:48:12 Epoch 124 Val, MSE: 31.16 MAE: 17.43, ACP: 0.44, Cost 4.8 sec
12-07 23:48:12 best mse 19.78 mae 9.71, acp 0.60
12-07 23:48:12 -----Epoch 125/199-----
12-07 23:48:52 Epoch 125 Train, Loss: 13.44

12-07 23:48:52 -----Epoch 126/199-----
12-07 23:49:31 Epoch 126 Train, Loss: 13.62

12-07 23:49:32 -----Epoch 127/199-----
12-07 23:50:11 Epoch 127 Train, Loss: 13.75

12-07 23:50:12 -----Epoch 128/199-----
12-07 23:50:51 Epoch 128 Train, Loss: 13.69

12-07 23:50:51 -----Epoch 129/199-----
12-07 23:51:30 Epoch 129 Train, Loss: 13.69

12-07 23:51:36 Epoch 129 Val, MSE: 28.27 MAE: 13.03, ACP: 0.46, Cost 4.8 sec
12-07 23:51:36 best mse 19.78 mae 9.71, acp 0.60
12-07 23:51:36 -----Epoch 130/199-----
12-07 23:52:15 Epoch 130 Train, Loss: 13.23

12-07 23:52:16 -----Epoch 131/199-----
12-07 23:52:55 Epoch 131 Train, Loss: 13.37

12-07 23:52:55 -----Epoch 132/199-----
12-07 23:53:34 Epoch 132 Train, Loss: 13.45

12-07 23:53:35 -----Epoch 133/199-----
12-07 23:54:14 Epoch 133 Train, Loss: 13.24

12-07 23:54:15 -----Epoch 134/199-----
12-07 23:54:54 Epoch 134 Train, Loss: 13.50

12-07 23:54:59 Epoch 134 Val, MSE: 38.58 MAE: 20.12, ACP: 0.44, Cost 4.8 sec
12-07 23:54:59 best mse 19.78 mae 9.71, acp 0.60
12-07 23:54:59 -----Epoch 135/199-----
12-07 23:55:38 Epoch 135 Train, Loss: 13.40

12-07 23:55:39 -----Epoch 136/199-----
12-07 23:56:18 Epoch 136 Train, Loss: 13.13

12-07 23:56:19 -----Epoch 137/199-----
12-07 23:56:58 Epoch 137 Train, Loss: 13.59

12-07 23:56:58 -----Epoch 138/199-----
12-07 23:57:37 Epoch 138 Train, Loss: 13.20

12-07 23:57:38 -----Epoch 139/199-----
12-07 23:58:17 Epoch 139 Train, Loss: 13.09

12-07 23:58:23 Epoch 139 Val, MSE: 37.49 MAE: 19.52, ACP: 0.36, Cost 4.8 sec
12-07 23:58:23 best mse 19.78 mae 9.71, acp 0.60
12-07 23:58:23 -----Epoch 140/199-----
12-07 23:59:02 Epoch 140 Train, Loss: 13.02

12-07 23:59:03 -----Epoch 141/199-----
12-07 23:59:42 Epoch 141 Train, Loss: 13.20

12-07 23:59:42 -----Epoch 142/199-----
12-08 00:00:21 Epoch 142 Train, Loss: 13.04

12-08 00:00:22 -----Epoch 143/199-----
12-08 00:01:01 Epoch 143 Train, Loss: 13.20

12-08 00:01:02 -----Epoch 144/199-----
12-08 00:01:40 Epoch 144 Train, Loss: 12.88

12-08 00:01:46 Epoch 144 Val, MSE: 22.71 MAE: 11.54, ACP: 0.50, Cost 4.8 sec
12-08 00:01:46 best mse 19.78 mae 9.71, acp 0.60
12-08 00:01:46 -----Epoch 145/199-----
12-08 00:02:25 Epoch 145 Train, Loss: 12.92

12-08 00:02:26 -----Epoch 146/199-----
12-08 00:03:05 Epoch 146 Train, Loss: 12.99

12-08 00:03:06 -----Epoch 147/199-----
12-08 00:03:45 Epoch 147 Train, Loss: 12.80

12-08 00:03:45 -----Epoch 148/199-----
12-08 00:04:24 Epoch 148 Train, Loss: 12.87

12-08 00:04:25 -----Epoch 149/199-----
12-08 00:05:04 Epoch 149 Train, Loss: 12.99

12-08 00:05:09 Epoch 149 Val, MSE: 36.32 MAE: 20.25, ACP: 0.32, Cost 4.8 sec
12-08 00:05:09 best mse 19.78 mae 9.71, acp 0.60
12-08 00:05:09 -----Epoch 150/199-----
12-08 00:05:49 Epoch 150 Train, Loss: 13.05

12-08 00:05:49 -----Epoch 151/199-----
12-08 00:06:28 Epoch 151 Train, Loss: 13.02

12-08 00:06:29 -----Epoch 152/199-----
12-08 00:07:08 Epoch 152 Train, Loss: 12.85

12-08 00:07:09 -----Epoch 153/199-----
12-08 00:07:48 Epoch 153 Train, Loss: 13.17

12-08 00:07:48 -----Epoch 154/199-----
12-08 00:08:27 Epoch 154 Train, Loss: 12.71

12-08 00:08:33 Epoch 154 Val, MSE: 21.53 MAE: 10.99, ACP: 0.44, Cost 4.8 sec
12-08 00:08:33 best mse 19.78 mae 9.71, acp 0.60
12-08 00:08:33 -----Epoch 155/199-----
12-08 00:09:12 Epoch 155 Train, Loss: 12.94

12-08 00:09:13 -----Epoch 156/199-----
12-08 00:09:52 Epoch 156 Train, Loss: 13.44

12-08 00:09:52 -----Epoch 157/199-----
12-08 00:10:31 Epoch 157 Train, Loss: 12.69

12-08 00:10:32 -----Epoch 158/199-----
12-08 00:11:11 Epoch 158 Train, Loss: 12.77

12-08 00:11:12 -----Epoch 159/199-----
12-08 00:11:51 Epoch 159 Train, Loss: 12.92

12-08 00:11:56 Epoch 159 Val, MSE: 23.87 MAE: 11.81, ACP: 0.60, Cost 4.8 sec
12-08 00:11:56 best mse 19.78 mae 9.71, acp 0.60
12-08 00:11:56 -----Epoch 160/199-----
12-08 00:12:36 Epoch 160 Train, Loss: 13.23

12-08 00:12:36 -----Epoch 161/199-----
12-08 00:13:15 Epoch 161 Train, Loss: 12.62

12-08 00:13:16 -----Epoch 162/199-----
12-08 00:13:55 Epoch 162 Train, Loss: 12.73

12-08 00:13:56 -----Epoch 163/199-----
12-08 00:14:34 Epoch 163 Train, Loss: 12.51

12-08 00:14:35 -----Epoch 164/199-----
12-08 00:15:14 Epoch 164 Train, Loss: 12.63

12-08 00:15:20 Epoch 164 Val, MSE: 33.92 MAE: 18.74, ACP: 0.40, Cost 4.8 sec
12-08 00:15:20 best mse 19.78 mae 9.71, acp 0.60
12-08 00:15:20 -----Epoch 165/199-----
12-08 00:15:59 Epoch 165 Train, Loss: 12.94

12-08 00:16:00 -----Epoch 166/199-----
12-08 00:16:39 Epoch 166 Train, Loss: 12.48

12-08 00:16:39 -----Epoch 167/199-----
12-08 00:17:18 Epoch 167 Train, Loss: 12.99

12-08 00:17:19 -----Epoch 168/199-----
12-08 00:17:58 Epoch 168 Train, Loss: 12.71

12-08 00:17:59 -----Epoch 169/199-----
12-08 00:18:38 Epoch 169 Train, Loss: 12.45

12-08 00:18:43 Epoch 169 Val, MSE: 23.32 MAE: 11.81, ACP: 0.50, Cost 4.8 sec
12-08 00:18:43 best mse 19.78 mae 9.71, acp 0.60
12-08 00:18:43 -----Epoch 170/199-----
12-08 00:19:22 Epoch 170 Train, Loss: 12.65

12-08 00:19:23 -----Epoch 171/199-----
12-08 00:20:02 Epoch 171 Train, Loss: 12.32

12-08 00:20:03 -----Epoch 172/199-----
12-08 00:20:42 Epoch 172 Train, Loss: 12.68

12-08 00:20:42 -----Epoch 173/199-----
12-08 00:21:21 Epoch 173 Train, Loss: 12.41

12-08 00:21:22 -----Epoch 174/199-----
12-08 00:22:01 Epoch 174 Train, Loss: 12.48

12-08 00:22:07 Epoch 174 Val, MSE: 24.74 MAE: 13.28, ACP: 0.30, Cost 4.8 sec
12-08 00:22:07 best mse 19.78 mae 9.71, acp 0.60
12-08 00:22:07 -----Epoch 175/199-----
12-08 00:22:46 Epoch 175 Train, Loss: 12.48

12-08 00:22:47 -----Epoch 176/199-----
12-08 00:23:26 Epoch 176 Train, Loss: 12.28

12-08 00:23:26 -----Epoch 177/199-----
12-08 00:24:05 Epoch 177 Train, Loss: 12.34

12-08 00:24:06 -----Epoch 178/199-----
12-08 00:24:45 Epoch 178 Train, Loss: 13.03

12-08 00:24:46 -----Epoch 179/199-----
12-08 00:25:24 Epoch 179 Train, Loss: 12.23

12-08 00:25:30 Epoch 179 Val, MSE: 31.93 MAE: 16.53, ACP: 0.50, Cost 4.8 sec
12-08 00:25:30 best mse 19.78 mae 9.71, acp 0.60
12-08 00:25:30 -----Epoch 180/199-----
12-08 00:26:09 Epoch 180 Train, Loss: 12.19

12-08 00:26:10 -----Epoch 181/199-----
12-08 00:26:49 Epoch 181 Train, Loss: 12.50

12-08 00:26:50 -----Epoch 182/199-----
12-08 00:27:29 Epoch 182 Train, Loss: 12.15

12-08 00:27:29 -----Epoch 183/199-----
12-08 00:28:08 Epoch 183 Train, Loss: 12.31

12-08 00:28:09 -----Epoch 184/199-----
12-08 00:28:48 Epoch 184 Train, Loss: 12.00

12-08 00:28:54 Epoch 184 Val, MSE: 27.74 MAE: 14.44, ACP: 0.46, Cost 4.8 sec
12-08 00:28:54 best mse 19.78 mae 9.71, acp 0.60
12-08 00:28:54 -----Epoch 185/199-----
12-08 00:29:33 Epoch 185 Train, Loss: 11.98

12-08 00:29:34 -----Epoch 186/199-----
12-08 00:30:13 Epoch 186 Train, Loss: 12.03

12-08 00:30:13 -----Epoch 187/199-----
12-08 00:30:52 Epoch 187 Train, Loss: 11.94

12-08 00:30:53 -----Epoch 188/199-----
12-08 00:31:32 Epoch 188 Train, Loss: 12.10

12-08 00:31:33 -----Epoch 189/199-----
12-08 00:32:12 Epoch 189 Train, Loss: 12.25

12-08 00:32:17 Epoch 189 Val, MSE: 35.80 MAE: 19.84, ACP: 0.38, Cost 4.8 sec
12-08 00:32:17 best mse 19.78 mae 9.71, acp 0.60
12-08 00:32:17 -----Epoch 190/199-----
12-08 00:32:56 Epoch 190 Train, Loss: 12.16

12-08 00:32:57 -----Epoch 191/199-----
12-08 00:33:36 Epoch 191 Train, Loss: 12.02

12-08 00:33:37 -----Epoch 192/199-----
12-08 00:34:16 Epoch 192 Train, Loss: 11.71

12-08 00:34:16 -----Epoch 193/199-----
12-08 00:34:55 Epoch 193 Train, Loss: 11.88

12-08 00:34:56 -----Epoch 194/199-----
12-08 00:35:35 Epoch 194 Train, Loss: 12.17

12-08 00:35:41 Epoch 194 Val, MSE: 31.76 MAE: 17.10, ACP: 0.44, Cost 4.8 sec
12-08 00:35:41 best mse 19.78 mae 9.71, acp 0.60
12-08 00:35:41 -----Epoch 195/199-----
12-08 00:36:20 Epoch 195 Train, Loss: 12.04

12-08 00:36:21 -----Epoch 196/199-----
12-08 00:37:00 Epoch 196 Train, Loss: 12.29

12-08 00:37:00 -----Epoch 197/199-----
12-08 00:37:39 Epoch 197 Train, Loss: 12.12

12-08 00:37:40 -----Epoch 198/199-----
12-08 00:38:19 Epoch 198 Train, Loss: 12.16

12-08 00:38:19 -----Epoch 199/199-----
12-08 00:38:52 Epoch 199 Train, Loss: 11.73

12-08 00:38:55 Epoch 199 Val, MSE: 25.93 MAE: 13.39, ACP: 0.48, Cost 2.2 sec
12-08 00:38:55 best mse 19.78 mae 9.71, acp 0.60
12-08 00:38:55 Best mse 19.78 mae 9.71 acp 0.60
