12-07 22:23:24 model_name: vgg19_trans
12-07 22:23:24 data_dir: cell_Train_Val_Test_v2_0
12-07 22:23:24 save_dir: model_v2_0
12-07 22:23:24 save_all: False
12-07 22:23:24 lr: 4.9999999999999996e-06
12-07 22:23:24 weight_decay: 1e-05
12-07 22:23:24 resume: 
12-07 22:23:24 max_model_num: 1
12-07 22:23:24 max_epoch: 200
12-07 22:23:24 val_epoch: 5
12-07 22:23:24 val_start: 10
12-07 22:23:24 batch_size: 4
12-07 22:23:24 device: 0
12-07 22:23:24 num_workers: 4
12-07 22:23:24 is_gray: False
12-07 22:23:24 crop_size: 512
12-07 22:23:24 downsample_ratio: 16
12-07 22:23:24 use_background: True
12-07 22:23:24 sigma: 8.0
12-07 22:23:24 background_ratio: 0.15
12-07 22:23:24 using 1 gpus
12-07 22:23:25 -----Epoch 0/199-----
12-07 22:23:50 Epoch 0 Train, Loss: 94.52

12-07 22:23:50 -----Epoch 1/199-----
12-07 22:24:29 Epoch 1 Train, Loss: 52.20

12-07 22:24:30 -----Epoch 2/199-----
12-07 22:25:09 Epoch 2 Train, Loss: 36.85

12-07 22:25:09 -----Epoch 3/199-----
12-07 22:25:48 Epoch 3 Train, Loss: 33.79

12-07 22:25:49 -----Epoch 4/199-----
12-07 22:26:28 Epoch 4 Train, Loss: 31.62

12-07 22:26:29 -----Epoch 5/199-----
12-07 22:27:08 Epoch 5 Train, Loss: 30.00

12-07 22:27:08 -----Epoch 6/199-----
12-07 22:27:47 Epoch 6 Train, Loss: 28.31

12-07 22:27:48 -----Epoch 7/199-----
12-07 22:28:27 Epoch 7 Train, Loss: 29.41

12-07 22:28:28 -----Epoch 8/199-----
12-07 22:29:07 Epoch 8 Train, Loss: 26.74

12-07 22:29:08 -----Epoch 9/199-----
12-07 22:29:47 Epoch 9 Train, Loss: 26.27

12-07 22:29:55 Epoch 9 Val, MSE: 28.13 MAE: 16.69, ACP: 0.24, Cost 7.4 sec
12-07 22:29:55 best mse inf mae inf, acp inf
12-07 22:29:55 save best mse 28.13 mae 16.69 acp 0.24, model epoch 9
12-07 22:29:55 -----Epoch 10/199-----
12-07 22:30:32 Epoch 10 Train, Loss: 25.50

12-07 22:30:33 -----Epoch 11/199-----
12-07 22:31:12 Epoch 11 Train, Loss: 24.89

12-07 22:31:13 -----Epoch 12/199-----
12-07 22:31:52 Epoch 12 Train, Loss: 24.56

12-07 22:31:52 -----Epoch 13/199-----
12-07 22:32:31 Epoch 13 Train, Loss: 24.82

12-07 22:32:32 -----Epoch 14/199-----
12-07 22:33:11 Epoch 14 Train, Loss: 24.03

12-07 22:33:17 Epoch 14 Val, MSE: 33.28 MAE: 18.53, ACP: 0.18, Cost 5.1 sec
12-07 22:33:17 best mse 28.13 mae 16.69, acp 0.24
12-07 22:33:17 -----Epoch 15/199-----
12-07 22:33:56 Epoch 15 Train, Loss: 23.79

12-07 22:33:56 -----Epoch 16/199-----
12-07 22:34:35 Epoch 16 Train, Loss: 23.20

12-07 22:34:36 -----Epoch 17/199-----
12-07 22:35:15 Epoch 17 Train, Loss: 23.60

12-07 22:35:16 -----Epoch 18/199-----
12-07 22:35:55 Epoch 18 Train, Loss: 22.78

12-07 22:35:55 -----Epoch 19/199-----
12-07 22:36:34 Epoch 19 Train, Loss: 22.11

12-07 22:36:40 Epoch 19 Val, MSE: 24.59 MAE: 12.43, ACP: 0.40, Cost 5.1 sec
12-07 22:36:40 best mse 28.13 mae 16.69, acp 0.24
12-07 22:36:40 save best mse 24.59 mae 12.43 acp 0.40, model epoch 19
12-07 22:36:40 -----Epoch 20/199-----
12-07 22:37:19 Epoch 20 Train, Loss: 21.96

12-07 22:37:20 -----Epoch 21/199-----
12-07 22:37:59 Epoch 21 Train, Loss: 22.38

12-07 22:37:59 -----Epoch 22/199-----
12-07 22:38:38 Epoch 22 Train, Loss: 22.13

12-07 22:38:39 -----Epoch 23/199-----
12-07 22:39:18 Epoch 23 Train, Loss: 21.39

12-07 22:39:18 -----Epoch 24/199-----
12-07 22:39:57 Epoch 24 Train, Loss: 21.27

12-07 22:40:03 Epoch 24 Val, MSE: 27.90 MAE: 15.50, ACP: 0.24, Cost 5.2 sec
12-07 22:40:03 best mse 24.59 mae 12.43, acp 0.40
12-07 22:40:03 -----Epoch 25/199-----
12-07 22:40:42 Epoch 25 Train, Loss: 21.41

12-07 22:40:43 -----Epoch 26/199-----
12-07 22:41:22 Epoch 26 Train, Loss: 21.21

12-07 22:41:22 -----Epoch 27/199-----
12-07 22:42:01 Epoch 27 Train, Loss: 21.28

12-07 22:42:02 -----Epoch 28/199-----
12-07 22:42:41 Epoch 28 Train, Loss: 20.75

12-07 22:42:41 -----Epoch 29/199-----
12-07 22:43:20 Epoch 29 Train, Loss: 20.73

12-07 22:43:26 Epoch 29 Val, MSE: 27.75 MAE: 14.89, ACP: 0.32, Cost 5.1 sec
12-07 22:43:26 best mse 24.59 mae 12.43, acp 0.40
12-07 22:43:26 -----Epoch 30/199-----
12-07 22:44:05 Epoch 30 Train, Loss: 20.18

12-07 22:44:06 -----Epoch 31/199-----
12-07 22:44:44 Epoch 31 Train, Loss: 20.46

12-07 22:44:45 -----Epoch 32/199-----
12-07 22:45:24 Epoch 32 Train, Loss: 20.30

12-07 22:45:25 -----Epoch 33/199-----
12-07 22:46:03 Epoch 33 Train, Loss: 20.31

12-07 22:46:04 -----Epoch 34/199-----
12-07 22:46:43 Epoch 34 Train, Loss: 20.43

12-07 22:46:49 Epoch 34 Val, MSE: 24.84 MAE: 11.94, ACP: 0.54, Cost 5.2 sec
12-07 22:46:49 best mse 24.59 mae 12.43, acp 0.40
12-07 22:46:49 save best mse 24.84 mae 11.94 acp 0.54, model epoch 34
12-07 22:46:49 -----Epoch 35/199-----
12-07 22:47:28 Epoch 35 Train, Loss: 19.83

12-07 22:47:29 -----Epoch 36/199-----
12-07 22:48:07 Epoch 36 Train, Loss: 19.51

12-07 22:48:08 -----Epoch 37/199-----
12-07 22:48:47 Epoch 37 Train, Loss: 19.77

12-07 22:48:48 -----Epoch 38/199-----
12-07 22:49:26 Epoch 38 Train, Loss: 19.45

12-07 22:49:27 -----Epoch 39/199-----
12-07 22:50:06 Epoch 39 Train, Loss: 19.73

12-07 22:50:12 Epoch 39 Val, MSE: 23.38 MAE: 12.72, ACP: 0.38, Cost 5.2 sec
12-07 22:50:12 best mse 24.84 mae 11.94, acp 0.54
12-07 22:50:12 save best mse 23.38 mae 12.72 acp 0.38, model epoch 39
12-07 22:50:12 -----Epoch 40/199-----
12-07 22:50:51 Epoch 40 Train, Loss: 19.22

12-07 22:50:51 -----Epoch 41/199-----
12-07 22:51:30 Epoch 41 Train, Loss: 19.36

12-07 22:51:31 -----Epoch 42/199-----
12-07 22:52:10 Epoch 42 Train, Loss: 19.46

12-07 22:52:10 -----Epoch 43/199-----
12-07 22:52:49 Epoch 43 Train, Loss: 19.07

12-07 22:52:50 -----Epoch 44/199-----
12-07 22:53:28 Epoch 44 Train, Loss: 19.03

12-07 22:53:34 Epoch 44 Val, MSE: 27.46 MAE: 14.20, ACP: 0.30, Cost 5.2 sec
12-07 22:53:34 best mse 23.38 mae 12.72, acp 0.38
12-07 22:53:34 -----Epoch 45/199-----
12-07 22:54:13 Epoch 45 Train, Loss: 18.67

12-07 22:54:13 -----Epoch 46/199-----
12-07 22:54:52 Epoch 46 Train, Loss: 18.60

12-07 22:54:53 -----Epoch 47/199-----
12-07 22:55:32 Epoch 47 Train, Loss: 19.05

12-07 22:55:32 -----Epoch 48/199-----
12-07 22:56:11 Epoch 48 Train, Loss: 18.54

12-07 22:56:12 -----Epoch 49/199-----
12-07 22:56:51 Epoch 49 Train, Loss: 18.80

12-07 22:56:56 Epoch 49 Val, MSE: 18.85 MAE: 9.55, ACP: 0.42, Cost 5.2 sec
12-07 22:56:56 best mse 23.38 mae 12.72, acp 0.38
12-07 22:56:56 save best mse 18.85 mae 9.55 acp 0.42, model epoch 49
12-07 22:56:57 -----Epoch 50/199-----
12-07 22:57:36 Epoch 50 Train, Loss: 18.55

12-07 22:57:36 -----Epoch 51/199-----
12-07 22:58:15 Epoch 51 Train, Loss: 18.42

12-07 22:58:16 -----Epoch 52/199-----
12-07 22:58:54 Epoch 52 Train, Loss: 18.40

12-07 22:58:55 -----Epoch 53/199-----
12-07 22:59:34 Epoch 53 Train, Loss: 18.12

12-07 22:59:35 -----Epoch 54/199-----
12-07 23:00:13 Epoch 54 Train, Loss: 18.36

12-07 23:00:19 Epoch 54 Val, MSE: 27.06 MAE: 16.61, ACP: 0.18, Cost 5.2 sec
12-07 23:00:19 best mse 18.85 mae 9.55, acp 0.42
12-07 23:00:19 -----Epoch 55/199-----
12-07 23:00:58 Epoch 55 Train, Loss: 18.10

12-07 23:00:59 -----Epoch 56/199-----
12-07 23:01:38 Epoch 56 Train, Loss: 17.85

12-07 23:01:38 -----Epoch 57/199-----
12-07 23:02:17 Epoch 57 Train, Loss: 17.93

12-07 23:02:18 -----Epoch 58/199-----
12-07 23:02:57 Epoch 58 Train, Loss: 17.88

12-07 23:02:57 -----Epoch 59/199-----
12-07 23:03:36 Epoch 59 Train, Loss: 17.86

12-07 23:03:42 Epoch 59 Val, MSE: 25.92 MAE: 14.67, ACP: 0.24, Cost 5.2 sec
12-07 23:03:42 best mse 18.85 mae 9.55, acp 0.42
12-07 23:03:42 -----Epoch 60/199-----
12-07 23:04:21 Epoch 60 Train, Loss: 17.74

12-07 23:04:22 -----Epoch 61/199-----
12-07 23:05:01 Epoch 61 Train, Loss: 17.22

12-07 23:05:01 -----Epoch 62/199-----
12-07 23:05:40 Epoch 62 Train, Loss: 17.51

12-07 23:05:41 -----Epoch 63/199-----
12-07 23:06:20 Epoch 63 Train, Loss: 17.97

12-07 23:06:21 -----Epoch 64/199-----
12-07 23:06:59 Epoch 64 Train, Loss: 17.70

12-07 23:07:05 Epoch 64 Val, MSE: 19.05 MAE: 9.35, ACP: 0.46, Cost 5.2 sec
12-07 23:07:05 best mse 18.85 mae 9.55, acp 0.42
12-07 23:07:05 -----Epoch 65/199-----
12-07 23:07:44 Epoch 65 Train, Loss: 17.87

12-07 23:07:45 -----Epoch 66/199-----
12-07 23:08:24 Epoch 66 Train, Loss: 17.64

12-07 23:08:25 -----Epoch 67/199-----
12-07 23:09:04 Epoch 67 Train, Loss: 17.52

12-07 23:09:04 -----Epoch 68/199-----
12-07 23:09:43 Epoch 68 Train, Loss: 17.04

12-07 23:09:44 -----Epoch 69/199-----
12-07 23:10:23 Epoch 69 Train, Loss: 17.17

12-07 23:10:29 Epoch 69 Val, MSE: 31.00 MAE: 15.83, ACP: 0.32, Cost 5.2 sec
12-07 23:10:29 best mse 18.85 mae 9.55, acp 0.42
12-07 23:10:29 -----Epoch 70/199-----
12-07 23:11:08 Epoch 70 Train, Loss: 17.58

12-07 23:11:08 -----Epoch 71/199-----
12-07 23:11:47 Epoch 71 Train, Loss: 17.56

12-07 23:11:48 -----Epoch 72/199-----
12-07 23:12:27 Epoch 72 Train, Loss: 17.24

12-07 23:12:28 -----Epoch 73/199-----
12-07 23:13:07 Epoch 73 Train, Loss: 16.79

12-07 23:13:07 -----Epoch 74/199-----
12-07 23:13:46 Epoch 74 Train, Loss: 17.37

12-07 23:13:52 Epoch 74 Val, MSE: 24.60 MAE: 14.65, ACP: 0.30, Cost 5.2 sec
12-07 23:13:52 best mse 18.85 mae 9.55, acp 0.42
12-07 23:13:52 -----Epoch 75/199-----
12-07 23:14:31 Epoch 75 Train, Loss: 17.78

12-07 23:14:32 -----Epoch 76/199-----
12-07 23:15:11 Epoch 76 Train, Loss: 16.81

12-07 23:15:11 -----Epoch 77/199-----
12-07 23:15:50 Epoch 77 Train, Loss: 16.69

12-07 23:15:51 -----Epoch 78/199-----
12-07 23:16:30 Epoch 78 Train, Loss: 16.85

12-07 23:16:31 -----Epoch 79/199-----
12-07 23:17:10 Epoch 79 Train, Loss: 16.95

12-07 23:17:16 Epoch 79 Val, MSE: 23.22 MAE: 10.57, ACP: 0.50, Cost 5.2 sec
12-07 23:17:16 best mse 18.85 mae 9.55, acp 0.42
12-07 23:17:16 -----Epoch 80/199-----
12-07 23:17:54 Epoch 80 Train, Loss: 16.76

12-07 23:17:55 -----Epoch 81/199-----
12-07 23:18:34 Epoch 81 Train, Loss: 17.15

12-07 23:18:35 -----Epoch 82/199-----
12-07 23:19:14 Epoch 82 Train, Loss: 16.93

12-07 23:19:15 -----Epoch 83/199-----
12-07 23:19:54 Epoch 83 Train, Loss: 16.68

12-07 23:19:54 -----Epoch 84/199-----
12-07 23:20:33 Epoch 84 Train, Loss: 16.51

12-07 23:20:39 Epoch 84 Val, MSE: 21.93 MAE: 12.17, ACP: 0.30, Cost 5.1 sec
12-07 23:20:39 best mse 18.85 mae 9.55, acp 0.42
12-07 23:20:39 -----Epoch 85/199-----
12-07 23:21:18 Epoch 85 Train, Loss: 16.56

12-07 23:21:19 -----Epoch 86/199-----
12-07 23:21:58 Epoch 86 Train, Loss: 16.49

12-07 23:21:59 -----Epoch 87/199-----
12-07 23:22:37 Epoch 87 Train, Loss: 16.97

12-07 23:22:38 -----Epoch 88/199-----
12-07 23:23:17 Epoch 88 Train, Loss: 16.31

12-07 23:23:18 -----Epoch 89/199-----
12-07 23:23:57 Epoch 89 Train, Loss: 16.27

12-07 23:24:03 Epoch 89 Val, MSE: 23.49 MAE: 11.98, ACP: 0.40, Cost 5.1 sec
12-07 23:24:03 best mse 18.85 mae 9.55, acp 0.42
12-07 23:24:03 -----Epoch 90/199-----
12-07 23:24:42 Epoch 90 Train, Loss: 16.47

12-07 23:24:42 -----Epoch 91/199-----
12-07 23:25:21 Epoch 91 Train, Loss: 16.60

12-07 23:25:22 -----Epoch 92/199-----
12-07 23:26:01 Epoch 92 Train, Loss: 16.06

12-07 23:26:02 -----Epoch 93/199-----
12-07 23:26:41 Epoch 93 Train, Loss: 16.36

12-07 23:26:41 -----Epoch 94/199-----
12-07 23:27:20 Epoch 94 Train, Loss: 16.87

12-07 23:27:26 Epoch 94 Val, MSE: 19.17 MAE: 9.47, ACP: 0.48, Cost 5.1 sec
12-07 23:27:26 best mse 18.85 mae 9.55, acp 0.42
12-07 23:27:26 -----Epoch 95/199-----
12-07 23:28:05 Epoch 95 Train, Loss: 16.49

12-07 23:28:06 -----Epoch 96/199-----
12-07 23:28:45 Epoch 96 Train, Loss: 16.35

12-07 23:28:45 -----Epoch 97/199-----
12-07 23:29:24 Epoch 97 Train, Loss: 16.18

12-07 23:29:25 -----Epoch 98/199-----
12-07 23:30:04 Epoch 98 Train, Loss: 15.97

12-07 23:30:05 -----Epoch 99/199-----
12-07 23:30:44 Epoch 99 Train, Loss: 15.88

12-07 23:30:50 Epoch 99 Val, MSE: 25.12 MAE: 13.61, ACP: 0.42, Cost 5.2 sec
12-07 23:30:50 best mse 18.85 mae 9.55, acp 0.42
12-07 23:30:50 -----Epoch 100/199-----
12-07 23:31:29 Epoch 100 Train, Loss: 15.73

12-07 23:31:29 -----Epoch 101/199-----
12-07 23:32:08 Epoch 101 Train, Loss: 15.66

12-07 23:32:09 -----Epoch 102/199-----
12-07 23:32:48 Epoch 102 Train, Loss: 16.18

12-07 23:32:49 -----Epoch 103/199-----
12-07 23:33:28 Epoch 103 Train, Loss: 15.74

12-07 23:33:28 -----Epoch 104/199-----
12-07 23:34:07 Epoch 104 Train, Loss: 15.65

12-07 23:34:13 Epoch 104 Val, MSE: 23.19 MAE: 10.95, ACP: 0.32, Cost 5.1 sec
12-07 23:34:13 best mse 18.85 mae 9.55, acp 0.42
12-07 23:34:13 -----Epoch 105/199-----
12-07 23:34:52 Epoch 105 Train, Loss: 15.92

12-07 23:34:53 -----Epoch 106/199-----
12-07 23:35:32 Epoch 106 Train, Loss: 15.41

12-07 23:35:33 -----Epoch 107/199-----
12-07 23:36:11 Epoch 107 Train, Loss: 16.13

12-07 23:36:12 -----Epoch 108/199-----
12-07 23:36:51 Epoch 108 Train, Loss: 15.73

12-07 23:36:52 -----Epoch 109/199-----
12-07 23:37:31 Epoch 109 Train, Loss: 15.15

12-07 23:37:37 Epoch 109 Val, MSE: 19.76 MAE: 11.10, ACP: 0.38, Cost 5.2 sec
12-07 23:37:37 best mse 18.85 mae 9.55, acp 0.42
12-07 23:37:37 -----Epoch 110/199-----
12-07 23:38:15 Epoch 110 Train, Loss: 15.09

12-07 23:38:16 -----Epoch 111/199-----
12-07 23:38:55 Epoch 111 Train, Loss: 15.32

12-07 23:38:56 -----Epoch 112/199-----
12-07 23:39:35 Epoch 112 Train, Loss: 15.25

12-07 23:39:36 -----Epoch 113/199-----
12-07 23:40:14 Epoch 113 Train, Loss: 15.10

12-07 23:40:15 -----Epoch 114/199-----
12-07 23:40:54 Epoch 114 Train, Loss: 15.03

12-07 23:41:00 Epoch 114 Val, MSE: 19.41 MAE: 10.74, ACP: 0.40, Cost 5.2 sec
12-07 23:41:00 best mse 18.85 mae 9.55, acp 0.42
12-07 23:41:00 -----Epoch 115/199-----
12-07 23:41:39 Epoch 115 Train, Loss: 15.04

12-07 23:41:40 -----Epoch 116/199-----
12-07 23:42:19 Epoch 116 Train, Loss: 16.58

12-07 23:42:19 -----Epoch 117/199-----
12-07 23:42:58 Epoch 117 Train, Loss: 15.69

12-07 23:42:59 -----Epoch 118/199-----
12-07 23:43:38 Epoch 118 Train, Loss: 16.11

12-07 23:43:39 -----Epoch 119/199-----
12-07 23:44:18 Epoch 119 Train, Loss: 14.96

12-07 23:44:23 Epoch 119 Val, MSE: 26.08 MAE: 12.56, ACP: 0.44, Cost 5.1 sec
12-07 23:44:23 best mse 18.85 mae 9.55, acp 0.42
12-07 23:44:23 -----Epoch 120/199-----
12-07 23:45:02 Epoch 120 Train, Loss: 15.09

12-07 23:45:03 -----Epoch 121/199-----
12-07 23:45:42 Epoch 121 Train, Loss: 15.06

12-07 23:45:43 -----Epoch 122/199-----
12-07 23:46:22 Epoch 122 Train, Loss: 15.14

12-07 23:46:22 -----Epoch 123/199-----
12-07 23:47:01 Epoch 123 Train, Loss: 15.00

12-07 23:47:02 -----Epoch 124/199-----
12-07 23:47:41 Epoch 124 Train, Loss: 15.69

12-07 23:47:47 Epoch 124 Val, MSE: 24.69 MAE: 11.03, ACP: 0.50, Cost 5.1 sec
12-07 23:47:47 best mse 18.85 mae 9.55, acp 0.42
12-07 23:47:47 -----Epoch 125/199-----
12-07 23:48:26 Epoch 125 Train, Loss: 14.73

12-07 23:48:27 -----Epoch 126/199-----
12-07 23:49:06 Epoch 126 Train, Loss: 14.77

12-07 23:49:06 -----Epoch 127/199-----
12-07 23:49:45 Epoch 127 Train, Loss: 14.54

12-07 23:49:46 -----Epoch 128/199-----
12-07 23:50:25 Epoch 128 Train, Loss: 14.90

12-07 23:50:26 -----Epoch 129/199-----
12-07 23:51:05 Epoch 129 Train, Loss: 14.76

12-07 23:51:10 Epoch 129 Val, MSE: 25.90 MAE: 13.59, ACP: 0.34, Cost 5.2 sec
12-07 23:51:10 best mse 18.85 mae 9.55, acp 0.42
12-07 23:51:10 -----Epoch 130/199-----
12-07 23:51:50 Epoch 130 Train, Loss: 15.02

12-07 23:51:50 -----Epoch 131/199-----
12-07 23:52:29 Epoch 131 Train, Loss: 14.77

12-07 23:52:30 -----Epoch 132/199-----
12-07 23:53:09 Epoch 132 Train, Loss: 14.39

12-07 23:53:09 -----Epoch 133/199-----
12-07 23:53:48 Epoch 133 Train, Loss: 15.15

12-07 23:53:49 -----Epoch 134/199-----
12-07 23:54:28 Epoch 134 Train, Loss: 14.60

12-07 23:54:34 Epoch 134 Val, MSE: 25.36 MAE: 11.96, ACP: 0.44, Cost 5.1 sec
12-07 23:54:34 best mse 18.85 mae 9.55, acp 0.42
12-07 23:54:34 -----Epoch 135/199-----
12-07 23:55:13 Epoch 135 Train, Loss: 14.41

12-07 23:55:14 -----Epoch 136/199-----
12-07 23:55:52 Epoch 136 Train, Loss: 14.26

12-07 23:55:53 -----Epoch 137/199-----
12-07 23:56:32 Epoch 137 Train, Loss: 14.50

12-07 23:56:33 -----Epoch 138/199-----
12-07 23:57:12 Epoch 138 Train, Loss: 14.52

12-07 23:57:13 -----Epoch 139/199-----
12-07 23:57:51 Epoch 139 Train, Loss: 14.57

12-07 23:57:57 Epoch 139 Val, MSE: 22.39 MAE: 10.76, ACP: 0.42, Cost 5.1 sec
12-07 23:57:57 best mse 18.85 mae 9.55, acp 0.42
12-07 23:57:57 -----Epoch 140/199-----
12-07 23:58:36 Epoch 140 Train, Loss: 14.11

12-07 23:58:37 -----Epoch 141/199-----
12-07 23:59:16 Epoch 141 Train, Loss: 14.67

12-07 23:59:17 -----Epoch 142/199-----
12-07 23:59:56 Epoch 142 Train, Loss: 14.24

12-07 23:59:56 -----Epoch 143/199-----
12-08 00:00:35 Epoch 143 Train, Loss: 14.25

12-08 00:00:36 -----Epoch 144/199-----
12-08 00:01:15 Epoch 144 Train, Loss: 14.31

12-08 00:01:21 Epoch 144 Val, MSE: 21.92 MAE: 11.07, ACP: 0.44, Cost 5.1 sec
12-08 00:01:21 best mse 18.85 mae 9.55, acp 0.42
12-08 00:01:21 -----Epoch 145/199-----
12-08 00:02:00 Epoch 145 Train, Loss: 13.96

12-08 00:02:00 -----Epoch 146/199-----
12-08 00:02:39 Epoch 146 Train, Loss: 14.18

12-08 00:02:40 -----Epoch 147/199-----
12-08 00:03:19 Epoch 147 Train, Loss: 14.17

12-08 00:03:20 -----Epoch 148/199-----
12-08 00:03:59 Epoch 148 Train, Loss: 14.36

12-08 00:03:59 -----Epoch 149/199-----
12-08 00:04:38 Epoch 149 Train, Loss: 14.52

12-08 00:04:44 Epoch 149 Val, MSE: 31.49 MAE: 14.79, ACP: 0.40, Cost 5.2 sec
12-08 00:04:44 best mse 18.85 mae 9.55, acp 0.42
12-08 00:04:44 -----Epoch 150/199-----
12-08 00:05:23 Epoch 150 Train, Loss: 13.99

12-08 00:05:24 -----Epoch 151/199-----
12-08 00:06:03 Epoch 151 Train, Loss: 14.38

12-08 00:06:04 -----Epoch 152/199-----
12-08 00:06:42 Epoch 152 Train, Loss: 14.60

12-08 00:06:43 -----Epoch 153/199-----
12-08 00:07:22 Epoch 153 Train, Loss: 14.01

12-08 00:07:23 -----Epoch 154/199-----
12-08 00:08:02 Epoch 154 Train, Loss: 14.13

12-08 00:08:08 Epoch 154 Val, MSE: 25.42 MAE: 13.47, ACP: 0.36, Cost 5.2 sec
12-08 00:08:08 best mse 18.85 mae 9.55, acp 0.42
12-08 00:08:08 -----Epoch 155/199-----
12-08 00:08:47 Epoch 155 Train, Loss: 14.08

12-08 00:08:47 -----Epoch 156/199-----
12-08 00:09:26 Epoch 156 Train, Loss: 14.57

12-08 00:09:27 -----Epoch 157/199-----
12-08 00:10:06 Epoch 157 Train, Loss: 13.95

12-08 00:10:07 -----Epoch 158/199-----
12-08 00:10:46 Epoch 158 Train, Loss: 13.85

12-08 00:10:46 -----Epoch 159/199-----
12-08 00:11:25 Epoch 159 Train, Loss: 13.96

12-08 00:11:31 Epoch 159 Val, MSE: 19.87 MAE: 9.63, ACP: 0.40, Cost 5.2 sec
12-08 00:11:31 best mse 18.85 mae 9.55, acp 0.42
12-08 00:11:31 -----Epoch 160/199-----
12-08 00:12:10 Epoch 160 Train, Loss: 13.92

12-08 00:12:11 -----Epoch 161/199-----
12-08 00:12:50 Epoch 161 Train, Loss: 14.00

12-08 00:12:50 -----Epoch 162/199-----
12-08 00:13:29 Epoch 162 Train, Loss: 14.13

12-08 00:13:30 -----Epoch 163/199-----
12-08 00:14:09 Epoch 163 Train, Loss: 13.98

12-08 00:14:10 -----Epoch 164/199-----
12-08 00:14:49 Epoch 164 Train, Loss: 13.79

12-08 00:14:55 Epoch 164 Val, MSE: 33.98 MAE: 17.80, ACP: 0.34, Cost 5.1 sec
12-08 00:14:55 best mse 18.85 mae 9.55, acp 0.42
12-08 00:14:55 -----Epoch 165/199-----
12-08 00:15:34 Epoch 165 Train, Loss: 14.28

12-08 00:15:34 -----Epoch 166/199-----
12-08 00:16:13 Epoch 166 Train, Loss: 13.69

12-08 00:16:14 -----Epoch 167/199-----
12-08 00:16:53 Epoch 167 Train, Loss: 13.80

12-08 00:16:54 -----Epoch 168/199-----
12-08 00:17:33 Epoch 168 Train, Loss: 13.59

12-08 00:17:33 -----Epoch 169/199-----
12-08 00:18:12 Epoch 169 Train, Loss: 13.56

12-08 00:18:18 Epoch 169 Val, MSE: 22.77 MAE: 11.60, ACP: 0.42, Cost 5.1 sec
12-08 00:18:18 best mse 18.85 mae 9.55, acp 0.42
12-08 00:18:18 -----Epoch 170/199-----
12-08 00:18:57 Epoch 170 Train, Loss: 13.51

12-08 00:18:58 -----Epoch 171/199-----
12-08 00:19:37 Epoch 171 Train, Loss: 13.47

12-08 00:19:38 -----Epoch 172/199-----
12-08 00:20:17 Epoch 172 Train, Loss: 13.40

12-08 00:20:17 -----Epoch 173/199-----
12-08 00:20:56 Epoch 173 Train, Loss: 13.55

12-08 00:20:57 -----Epoch 174/199-----
12-08 00:21:36 Epoch 174 Train, Loss: 13.44

12-08 00:21:42 Epoch 174 Val, MSE: 25.21 MAE: 13.77, ACP: 0.34, Cost 5.1 sec
12-08 00:21:42 best mse 18.85 mae 9.55, acp 0.42
12-08 00:21:42 -----Epoch 175/199-----
12-08 00:22:21 Epoch 175 Train, Loss: 13.60

12-08 00:22:21 -----Epoch 176/199-----
12-08 00:23:00 Epoch 176 Train, Loss: 13.40

12-08 00:23:01 -----Epoch 177/199-----
12-08 00:23:40 Epoch 177 Train, Loss: 13.51

12-08 00:23:41 -----Epoch 178/199-----
12-08 00:24:20 Epoch 178 Train, Loss: 13.67

12-08 00:24:20 -----Epoch 179/199-----
12-08 00:24:59 Epoch 179 Train, Loss: 13.65

12-08 00:25:05 Epoch 179 Val, MSE: 23.43 MAE: 13.40, ACP: 0.30, Cost 5.2 sec
12-08 00:25:05 best mse 18.85 mae 9.55, acp 0.42
12-08 00:25:05 -----Epoch 180/199-----
12-08 00:25:44 Epoch 180 Train, Loss: 13.72

12-08 00:25:45 -----Epoch 181/199-----
12-08 00:26:24 Epoch 181 Train, Loss: 13.37

12-08 00:26:25 -----Epoch 182/199-----
12-08 00:27:03 Epoch 182 Train, Loss: 13.38

12-08 00:27:04 -----Epoch 183/199-----
12-08 00:27:43 Epoch 183 Train, Loss: 13.62

12-08 00:27:44 -----Epoch 184/199-----
12-08 00:28:23 Epoch 184 Train, Loss: 13.70

12-08 00:28:29 Epoch 184 Val, MSE: 27.56 MAE: 13.04, ACP: 0.40, Cost 5.1 sec
12-08 00:28:29 best mse 18.85 mae 9.55, acp 0.42
12-08 00:28:29 -----Epoch 185/199-----
12-08 00:29:08 Epoch 185 Train, Loss: 13.87

12-08 00:29:08 -----Epoch 186/199-----
12-08 00:29:47 Epoch 186 Train, Loss: 13.74

12-08 00:29:48 -----Epoch 187/199-----
12-08 00:30:27 Epoch 187 Train, Loss: 13.80

12-08 00:30:28 -----Epoch 188/199-----
12-08 00:31:06 Epoch 188 Train, Loss: 13.31

12-08 00:31:07 -----Epoch 189/199-----
12-08 00:31:46 Epoch 189 Train, Loss: 13.35

12-08 00:31:52 Epoch 189 Val, MSE: 20.50 MAE: 10.35, ACP: 0.46, Cost 5.1 sec
12-08 00:31:52 best mse 18.85 mae 9.55, acp 0.42
12-08 00:31:52 -----Epoch 190/199-----
12-08 00:32:31 Epoch 190 Train, Loss: 13.22

12-08 00:32:32 -----Epoch 191/199-----
12-08 00:33:11 Epoch 191 Train, Loss: 13.23

12-08 00:33:11 -----Epoch 192/199-----
12-08 00:33:50 Epoch 192 Train, Loss: 13.56

12-08 00:33:51 -----Epoch 193/199-----
12-08 00:34:30 Epoch 193 Train, Loss: 13.36

12-08 00:34:31 -----Epoch 194/199-----
12-08 00:35:10 Epoch 194 Train, Loss: 13.35

12-08 00:35:15 Epoch 194 Val, MSE: 20.14 MAE: 10.55, ACP: 0.42, Cost 5.1 sec
12-08 00:35:15 best mse 18.85 mae 9.55, acp 0.42
12-08 00:35:15 -----Epoch 195/199-----
12-08 00:35:55 Epoch 195 Train, Loss: 13.30

12-08 00:35:55 -----Epoch 196/199-----
12-08 00:36:34 Epoch 196 Train, Loss: 13.72

12-08 00:36:35 -----Epoch 197/199-----
12-08 00:37:14 Epoch 197 Train, Loss: 13.08

12-08 00:37:14 -----Epoch 198/199-----
12-08 00:37:53 Epoch 198 Train, Loss: 13.38

12-08 00:37:54 -----Epoch 199/199-----
12-08 00:38:33 Epoch 199 Train, Loss: 13.00

12-08 00:38:39 Epoch 199 Val, MSE: 23.82 MAE: 13.10, ACP: 0.36, Cost 5.1 sec
12-08 00:38:39 best mse 18.85 mae 9.55, acp 0.42
12-08 00:38:39 Best mse 18.85 mae 9.55 acp 0.42
